ERROR - 2019-08-15 09:58:20 --> Severity: Notice --> Undefined index: description_footer /var/www/tomita-mart/application/views/public/default/_footer.php 33
ERROR - 2019-08-15 09:58:20 --> Severity: Notice --> Undefined index: slogan /var/www/tomita-mart/application/views/public/default/_footer.php 34
ERROR - 2019-08-15 09:58:33 --> Severity: Notice --> Undefined index: description_footer /var/www/tomita-mart/application/views/public/default/_footer.php 33
ERROR - 2019-08-15 09:58:33 --> Severity: Notice --> Undefined index: slogan /var/www/tomita-mart/application/views/public/default/_footer.php 34
ERROR - 2019-08-15 09:59:02 --> Severity: Notice --> Undefined index: description_footer /var/www/tomita-mart/application/views/public/default/_footer.php 33
ERROR - 2019-08-15 09:59:02 --> Severity: Notice --> Undefined index: slogan /var/www/tomita-mart/application/views/public/default/_footer.php 34
ERROR - 2019-08-15 09:59:02 --> Severity: Notice --> Undefined index: description_footer /var/www/tomita-mart/application/views/public/default/_footer.php 33
ERROR - 2019-08-15 09:59:02 --> Severity: Notice --> Undefined index: slogan /var/www/tomita-mart/application/views/public/default/_footer.php 34
ERROR - 2019-08-15 09:59:02 --> Severity: Notice --> Undefined index: description_footer /var/www/tomita-mart/application/views/public/default/_footer.php 33
ERROR - 2019-08-15 09:59:02 --> Severity: Notice --> Undefined index: slogan /var/www/tomita-mart/application/views/public/default/_footer.php 34
ERROR - 2019-08-15 09:59:34 --> Severity: Notice --> Undefined index: description_footer /var/www/tomita-mart/application/views/public/default/_footer.php 33
ERROR - 2019-08-15 09:59:34 --> Severity: Notice --> Undefined index: slogan /var/www/tomita-mart/application/views/public/default/_footer.php 34
ERROR - 2019-08-15 09:59:34 --> Severity: Notice --> Undefined index: description_footer /var/www/tomita-mart/application/views/public/default/_footer.php 33
ERROR - 2019-08-15 09:59:34 --> Severity: Notice --> Undefined index: slogan /var/www/tomita-mart/application/views/public/default/_footer.php 34
ERROR - 2019-08-15 09:59:34 --> Severity: Notice --> Undefined index: description_footer /var/www/tomita-mart/application/views/public/default/_footer.php 33
ERROR - 2019-08-15 09:59:34 --> Severity: Notice --> Undefined index: slogan /var/www/tomita-mart/application/views/public/default/_footer.php 34
ERROR - 2019-08-15 10:03:19 --> Severity: Notice --> Undefined index: description_footer /var/www/tomita-mart/application/views/public/default/_footer.php 33
ERROR - 2019-08-15 10:03:19 --> Severity: Notice --> Undefined index: slogan /var/www/tomita-mart/application/views/public/default/_footer.php 34
ERROR - 2019-08-15 10:03:19 --> Severity: Notice --> Undefined index: description_footer /var/www/tomita-mart/application/views/public/default/_footer.php 33
ERROR - 2019-08-15 10:03:19 --> Severity: Notice --> Undefined index: slogan /var/www/tomita-mart/application/views/public/default/_footer.php 34
ERROR - 2019-08-15 10:03:31 --> Query error: Unknown column 'i_con2' in 'field list' - Invalid query: UPDATE `ap_category` SET `id` = '21', `type` = 'product', `parent_id` = '0', `order` = '5', `is_status` = '1', `thumbnail` = 'img-cate3.png', `banner` = 'bn-product.jpg', `i_con` = 'ic-cate1.png', `i_con2` = 'ic-cate11.png'
WHERE `id` = '21'
ERROR - 2019-08-15 10:03:35 --> Severity: Notice --> Undefined index: description_footer /var/www/tomita-mart/application/views/public/default/_footer.php 33
ERROR - 2019-08-15 10:03:35 --> Severity: Notice --> Undefined index: slogan /var/www/tomita-mart/application/views/public/default/_footer.php 34
ERROR - 2019-08-15 10:03:45 --> Severity: Notice --> Undefined index: description_footer /var/www/tomita-mart/application/views/public/default/_footer.php 33
ERROR - 2019-08-15 10:03:45 --> Severity: Notice --> Undefined index: slogan /var/www/tomita-mart/application/views/public/default/_footer.php 34
ERROR - 2019-08-15 10:03:52 --> Severity: Notice --> Undefined index: description_footer /var/www/tomita-mart/application/views/public/default/_footer.php 33
ERROR - 2019-08-15 10:03:52 --> Severity: Notice --> Undefined index: slogan /var/www/tomita-mart/application/views/public/default/_footer.php 34
ERROR - 2019-08-15 10:04:03 --> Query error: Unknown column 'i_con2' in 'field list' - Invalid query: UPDATE `ap_category` SET `id` = '21', `type` = 'product', `parent_id` = '0', `order` = '5', `is_status` = '1', `thumbnail` = 'img-cate3.png', `banner` = 'bn-product.jpg', `i_con` = 'ic-cate1.png', `i_con2` = 'ic-cate11.png'
WHERE `id` = '21'
ERROR - 2019-08-15 10:04:26 --> Query error: Unknown column 'i_con2' in 'field list' - Invalid query: UPDATE `ap_category` SET `id` = '21', `type` = 'product', `parent_id` = '0', `order` = '5', `is_status` = '1', `thumbnail` = 'img-cate3.png', `banner` = 'bn-product.jpg', `i_con` = 'ic-cate1.png', `i_con2` = 'ic-cate11.png'
WHERE `id` = '21'
ERROR - 2019-08-15 10:04:34 --> Severity: Notice --> Undefined index: description_footer /var/www/tomita-mart/application/views/public/default/_footer.php 33
ERROR - 2019-08-15 10:04:34 --> Severity: Notice --> Undefined index: slogan /var/www/tomita-mart/application/views/public/default/_footer.php 34
ERROR - 2019-08-15 10:04:35 --> Severity: Notice --> Undefined index: description_footer /var/www/tomita-mart/application/views/public/default/_footer.php 33
ERROR - 2019-08-15 10:04:35 --> Severity: Notice --> Undefined index: slogan /var/www/tomita-mart/application/views/public/default/_footer.php 34
ERROR - 2019-08-15 10:04:36 --> Severity: Notice --> Undefined index: description_footer /var/www/tomita-mart/application/views/public/default/_footer.php 33
ERROR - 2019-08-15 10:04:36 --> Severity: Notice --> Undefined index: slogan /var/www/tomita-mart/application/views/public/default/_footer.php 34
ERROR - 2019-08-15 10:04:44 --> Severity: Notice --> Undefined index: description_footer /var/www/tomita-mart/application/views/public/default/_footer.php 33
ERROR - 2019-08-15 10:04:44 --> Severity: Notice --> Undefined index: slogan /var/www/tomita-mart/application/views/public/default/_footer.php 34
ERROR - 2019-08-15 10:04:45 --> Severity: Notice --> Undefined index: description_footer /var/www/tomita-mart/application/views/public/default/_footer.php 33
ERROR - 2019-08-15 10:04:45 --> Severity: Notice --> Undefined index: slogan /var/www/tomita-mart/application/views/public/default/_footer.php 34
ERROR - 2019-08-15 10:04:57 --> Severity: Notice --> Undefined index: description_footer /var/www/tomita-mart/application/views/public/default/_footer.php 33
ERROR - 2019-08-15 10:04:57 --> Severity: Notice --> Undefined index: slogan /var/www/tomita-mart/application/views/public/default/_footer.php 34
ERROR - 2019-08-15 10:06:11 --> Severity: Notice --> Undefined index: description_footer /var/www/tomita-mart/application/views/public/default/_footer.php 33
ERROR - 2019-08-15 10:06:11 --> Severity: Notice --> Undefined index: slogan /var/www/tomita-mart/application/views/public/default/_footer.php 34
ERROR - 2019-08-15 10:06:19 --> Severity: Notice --> Undefined index: description_footer /var/www/tomita-mart/application/views/public/default/_footer.php 33
ERROR - 2019-08-15 10:06:19 --> Severity: Notice --> Undefined index: slogan /var/www/tomita-mart/application/views/public/default/_footer.php 34
ERROR - 2019-08-15 10:07:29 --> Severity: Parsing Error --> syntax error, unexpected ')' /var/www/tomita-mart/application/views/public/default/home/index.php 69
ERROR - 2019-08-15 10:07:29 --> Severity: Notice --> Undefined index: description_footer /var/www/tomita-mart/application/views/public/default/_footer.php 33
ERROR - 2019-08-15 10:07:29 --> Severity: Notice --> Undefined index: slogan /var/www/tomita-mart/application/views/public/default/_footer.php 34
ERROR - 2019-08-15 10:08:09 --> Severity: Notice --> Undefined index: description_footer /var/www/tomita-mart/application/views/public/default/_footer.php 33
ERROR - 2019-08-15 10:08:09 --> Severity: Notice --> Undefined index: slogan /var/www/tomita-mart/application/views/public/default/_footer.php 34
ERROR - 2019-08-15 10:09:03 --> Severity: Notice --> Undefined index: description_footer /var/www/tomita-mart/application/views/public/default/_footer.php 33
ERROR - 2019-08-15 10:09:03 --> Severity: Notice --> Undefined index: slogan /var/www/tomita-mart/application/views/public/default/_footer.php 34
ERROR - 2019-08-15 10:10:00 --> Severity: Notice --> Undefined index: description_footer /var/www/tomita-mart/application/views/public/default/_footer.php 33
ERROR - 2019-08-15 10:10:00 --> Severity: Notice --> Undefined index: slogan /var/www/tomita-mart/application/views/public/default/_footer.php 34
ERROR - 2019-08-15 10:12:01 --> Severity: Notice --> Undefined index: description_footer /var/www/tomita-mart/application/views/public/default/_footer.php 33
ERROR - 2019-08-15 10:12:01 --> Severity: Notice --> Undefined index: slogan /var/www/tomita-mart/application/views/public/default/_footer.php 34
ERROR - 2019-08-15 10:13:37 --> Severity: Notice --> Undefined index: description_footer /var/www/tomita-mart/application/views/public/default/_footer.php 33
ERROR - 2019-08-15 10:13:37 --> Severity: Notice --> Undefined index: slogan /var/www/tomita-mart/application/views/public/default/_footer.php 34
ERROR - 2019-08-15 10:13:49 --> Severity: Notice --> Undefined index: description_footer /var/www/tomita-mart/application/views/public/default/_footer.php 33
ERROR - 2019-08-15 10:13:49 --> Severity: Notice --> Undefined index: slogan /var/www/tomita-mart/application/views/public/default/_footer.php 34
ERROR - 2019-08-15 10:13:56 --> Severity: Notice --> Undefined index: description_footer /var/www/tomita-mart/application/views/public/default/_footer.php 33
ERROR - 2019-08-15 10:13:56 --> Severity: Notice --> Undefined index: slogan /var/www/tomita-mart/application/views/public/default/_footer.php 34
ERROR - 2019-08-15 10:14:38 --> Severity: Notice --> Undefined index: description_footer /var/www/tomita-mart/application/views/public/default/_footer.php 33
ERROR - 2019-08-15 10:14:38 --> Severity: Notice --> Undefined index: slogan /var/www/tomita-mart/application/views/public/default/_footer.php 34
ERROR - 2019-08-15 10:15:51 --> Severity: Notice --> Undefined index: description_footer /var/www/tomita-mart/application/views/public/default/_footer.php 33
ERROR - 2019-08-15 10:15:51 --> Severity: Notice --> Undefined index: slogan /var/www/tomita-mart/application/views/public/default/_footer.php 34
ERROR - 2019-08-15 10:16:13 --> Severity: Notice --> Undefined index: description_footer /var/www/tomita-mart/application/views/public/default/_footer.php 33
ERROR - 2019-08-15 10:16:13 --> Severity: Notice --> Undefined index: slogan /var/www/tomita-mart/application/views/public/default/_footer.php 34
ERROR - 2019-08-15 10:16:51 --> Severity: Notice --> Undefined index: description_footer /var/www/tomita-mart/application/views/public/default/_footer.php 33
ERROR - 2019-08-15 10:16:51 --> Severity: Notice --> Undefined index: slogan /var/www/tomita-mart/application/views/public/default/_footer.php 34
ERROR - 2019-08-15 10:17:10 --> Severity: Notice --> Undefined index: description_footer /var/www/tomita-mart/application/views/public/default/_footer.php 33
ERROR - 2019-08-15 10:17:10 --> Severity: Notice --> Undefined index: slogan /var/www/tomita-mart/application/views/public/default/_footer.php 34
ERROR - 2019-08-15 10:17:20 --> Severity: Notice --> Undefined index: description_footer /var/www/tomita-mart/application/views/public/default/_footer.php 33
ERROR - 2019-08-15 10:17:20 --> Severity: Notice --> Undefined index: slogan /var/www/tomita-mart/application/views/public/default/_footer.php 34
ERROR - 2019-08-15 10:17:39 --> Severity: Notice --> Undefined index: description_footer /var/www/tomita-mart/application/views/public/default/_footer.php 33
ERROR - 2019-08-15 10:17:39 --> Severity: Notice --> Undefined index: slogan /var/www/tomita-mart/application/views/public/default/_footer.php 34
ERROR - 2019-08-15 10:19:22 --> Severity: Notice --> Undefined index: description_footer /var/www/tomita-mart/application/views/public/default/_footer.php 33
ERROR - 2019-08-15 10:19:22 --> Severity: Notice --> Undefined index: slogan /var/www/tomita-mart/application/views/public/default/_footer.php 34
ERROR - 2019-08-15 10:20:08 --> Severity: Notice --> Undefined index: description_footer /var/www/tomita-mart/application/views/public/default/_footer.php 33
ERROR - 2019-08-15 10:20:08 --> Severity: Notice --> Undefined index: slogan /var/www/tomita-mart/application/views/public/default/_footer.php 34
ERROR - 2019-08-15 10:20:55 --> Severity: Notice --> Undefined index: description_footer /var/www/tomita-mart/application/views/public/default/_footer.php 33
ERROR - 2019-08-15 10:20:55 --> Severity: Notice --> Undefined index: slogan /var/www/tomita-mart/application/views/public/default/_footer.php 34
ERROR - 2019-08-15 10:21:44 --> Severity: Notice --> Undefined index: description_footer /var/www/tomita-mart/application/views/public/default/_footer.php 33
ERROR - 2019-08-15 10:21:44 --> Severity: Notice --> Undefined index: slogan /var/www/tomita-mart/application/views/public/default/_footer.php 34
ERROR - 2019-08-15 10:22:44 --> Severity: Notice --> Undefined index: description_footer /var/www/tomita-mart/application/views/public/default/_footer.php 33
ERROR - 2019-08-15 10:22:44 --> Severity: Notice --> Undefined index: slogan /var/www/tomita-mart/application/views/public/default/_footer.php 34
ERROR - 2019-08-15 10:24:26 --> Severity: Error --> Call to undefined function thePostThumbnailNone() /var/www/tomita-mart/application/views/public/default/home/index.php 228
ERROR - 2019-08-15 10:24:27 --> Severity: Notice --> Undefined index: description_footer /var/www/tomita-mart/application/views/public/default/_footer.php 33
ERROR - 2019-08-15 10:24:27 --> Severity: Notice --> Undefined index: slogan /var/www/tomita-mart/application/views/public/default/_footer.php 34
ERROR - 2019-08-15 10:24:45 --> Severity: Notice --> Undefined index: description_footer /var/www/tomita-mart/application/views/public/default/_footer.php 33
ERROR - 2019-08-15 10:24:45 --> Severity: Notice --> Undefined index: slogan /var/www/tomita-mart/application/views/public/default/_footer.php 34
ERROR - 2019-08-15 10:25:23 --> Severity: Notice --> Undefined index: description_footer /var/www/tomita-mart/application/views/public/default/_footer.php 33
ERROR - 2019-08-15 10:25:23 --> Severity: Notice --> Undefined index: slogan /var/www/tomita-mart/application/views/public/default/_footer.php 34
ERROR - 2019-08-15 10:27:56 --> Severity: Notice --> Undefined index: description_footer /var/www/tomita-mart/application/views/public/default/_footer.php 33
ERROR - 2019-08-15 10:27:56 --> Severity: Notice --> Undefined index: slogan /var/www/tomita-mart/application/views/public/default/_footer.php 34
ERROR - 2019-08-15 10:28:22 --> Severity: Notice --> Undefined index: description_footer /var/www/tomita-mart/application/views/public/default/_footer.php 33
ERROR - 2019-08-15 10:28:22 --> Severity: Notice --> Undefined index: slogan /var/www/tomita-mart/application/views/public/default/_footer.php 34
ERROR - 2019-08-15 10:28:50 --> Severity: Notice --> Undefined index: description_footer /var/www/tomita-mart/application/views/public/default/_footer.php 33
ERROR - 2019-08-15 10:28:50 --> Severity: Notice --> Undefined index: slogan /var/www/tomita-mart/application/views/public/default/_footer.php 34
ERROR - 2019-08-15 10:29:49 --> Severity: Notice --> Undefined index: description_footer /var/www/tomita-mart/application/views/public/default/_footer.php 33
ERROR - 2019-08-15 10:29:49 --> Severity: Notice --> Undefined index: slogan /var/www/tomita-mart/application/views/public/default/_footer.php 34
ERROR - 2019-08-15 10:30:14 --> Severity: Notice --> Undefined index: description_footer /var/www/tomita-mart/application/views/public/default/_footer.php 33
ERROR - 2019-08-15 10:30:14 --> Severity: Notice --> Undefined index: slogan /var/www/tomita-mart/application/views/public/default/_footer.php 34
ERROR - 2019-08-15 10:30:45 --> Severity: Notice --> Undefined index: description_footer /var/www/tomita-mart/application/views/public/default/_footer.php 33
ERROR - 2019-08-15 10:30:45 --> Severity: Notice --> Undefined index: slogan /var/www/tomita-mart/application/views/public/default/_footer.php 34
ERROR - 2019-08-15 10:33:14 --> Severity: 4096 --> Object of class stdClass could not be converted to string /var/www/tomita-mart/application/views/public/default/home/index.php 242
ERROR - 2019-08-15 10:33:14 --> Severity: Notice --> Object of class stdClass to string conversion /var/www/tomita-mart/application/views/public/default/home/index.php 242
ERROR - 2019-08-15 10:33:14 --> Severity: Notice --> Undefined variable: Object /var/www/tomita-mart/application/views/public/default/home/index.php 242
ERROR - 2019-08-15 10:33:14 --> Severity: Notice --> Trying to get property of non-object /var/www/tomita-mart/application/views/public/default/home/index.php 242
ERROR - 2019-08-15 10:33:14 --> Severity: 4096 --> Object of class stdClass could not be converted to string /var/www/tomita-mart/application/views/public/default/home/index.php 242
ERROR - 2019-08-15 10:33:14 --> Severity: Notice --> Object of class stdClass to string conversion /var/www/tomita-mart/application/views/public/default/home/index.php 242
ERROR - 2019-08-15 10:33:14 --> Severity: Notice --> Undefined variable: Object /var/www/tomita-mart/application/views/public/default/home/index.php 242
ERROR - 2019-08-15 10:33:14 --> Severity: Notice --> Trying to get property of non-object /var/www/tomita-mart/application/views/public/default/home/index.php 242
ERROR - 2019-08-15 10:33:14 --> Severity: 4096 --> Object of class stdClass could not be converted to string /var/www/tomita-mart/application/views/public/default/home/index.php 242
ERROR - 2019-08-15 10:33:14 --> Severity: Notice --> Object of class stdClass to string conversion /var/www/tomita-mart/application/views/public/default/home/index.php 242
ERROR - 2019-08-15 10:33:14 --> Severity: Notice --> Undefined variable: Object /var/www/tomita-mart/application/views/public/default/home/index.php 242
ERROR - 2019-08-15 10:33:14 --> Severity: Notice --> Trying to get property of non-object /var/www/tomita-mart/application/views/public/default/home/index.php 242
ERROR - 2019-08-15 10:33:14 --> Severity: Notice --> Undefined index: description_footer /var/www/tomita-mart/application/views/public/default/_footer.php 33
ERROR - 2019-08-15 10:33:14 --> Severity: Notice --> Undefined index: slogan /var/www/tomita-mart/application/views/public/default/_footer.php 34
ERROR - 2019-08-15 10:33:44 --> Severity: Notice --> Undefined index: description_footer /var/www/tomita-mart/application/views/public/default/_footer.php 33
ERROR - 2019-08-15 10:33:44 --> Severity: Notice --> Undefined index: slogan /var/www/tomita-mart/application/views/public/default/_footer.php 34
ERROR - 2019-08-15 10:34:09 --> Severity: Notice --> Undefined index: description_footer /var/www/tomita-mart/application/views/public/default/_footer.php 33
ERROR - 2019-08-15 10:34:09 --> Severity: Notice --> Undefined index: slogan /var/www/tomita-mart/application/views/public/default/_footer.php 34
ERROR - 2019-08-15 10:34:44 --> Severity: Notice --> Undefined index: description_footer /var/www/tomita-mart/application/views/public/default/_footer.php 33
ERROR - 2019-08-15 10:34:44 --> Severity: Notice --> Undefined index: slogan /var/www/tomita-mart/application/views/public/default/_footer.php 34
ERROR - 2019-08-15 10:38:02 --> Severity: Notice --> Undefined index: description_footer /var/www/tomita-mart/application/views/public/default/_footer.php 33
ERROR - 2019-08-15 10:38:02 --> Severity: Notice --> Undefined index: slogan /var/www/tomita-mart/application/views/public/default/_footer.php 34
ERROR - 2019-08-15 10:38:05 --> Severity: Notice --> Undefined index: description_footer /var/www/tomita-mart/application/views/public/default/_footer.php 33
ERROR - 2019-08-15 10:38:05 --> Severity: Notice --> Undefined index: slogan /var/www/tomita-mart/application/views/public/default/_footer.php 34
ERROR - 2019-08-15 10:38:14 --> Severity: Notice --> Undefined index: description_footer /var/www/tomita-mart/application/views/public/default/_footer.php 33
ERROR - 2019-08-15 10:38:14 --> Severity: Notice --> Undefined index: slogan /var/www/tomita-mart/application/views/public/default/_footer.php 34
ERROR - 2019-08-15 10:38:15 --> Severity: Notice --> Undefined index: description_footer /var/www/tomita-mart/application/views/public/default/_footer.php 33
ERROR - 2019-08-15 10:38:15 --> Severity: Notice --> Undefined index: slogan /var/www/tomita-mart/application/views/public/default/_footer.php 34
ERROR - 2019-08-15 10:38:22 --> Severity: Notice --> Undefined index: description_footer /var/www/tomita-mart/application/views/public/default/_footer.php 33
ERROR - 2019-08-15 10:38:22 --> Severity: Notice --> Undefined index: slogan /var/www/tomita-mart/application/views/public/default/_footer.php 34
ERROR - 2019-08-15 10:38:22 --> Severity: Notice --> Undefined index: description_footer /var/www/tomita-mart/application/views/public/default/_footer.php 33
ERROR - 2019-08-15 10:38:22 --> Severity: Notice --> Undefined index: slogan /var/www/tomita-mart/application/views/public/default/_footer.php 34
ERROR - 2019-08-15 10:38:28 --> Severity: Notice --> Undefined index: description_footer /var/www/tomita-mart/application/views/public/default/_footer.php 33
ERROR - 2019-08-15 10:38:28 --> Severity: Notice --> Undefined index: slogan /var/www/tomita-mart/application/views/public/default/_footer.php 34
ERROR - 2019-08-15 10:38:28 --> Severity: Notice --> Undefined index: description_footer /var/www/tomita-mart/application/views/public/default/_footer.php 33
ERROR - 2019-08-15 10:38:28 --> Severity: Notice --> Undefined index: slogan /var/www/tomita-mart/application/views/public/default/_footer.php 34
ERROR - 2019-08-15 10:38:35 --> Severity: Notice --> Undefined index: description_footer /var/www/tomita-mart/application/views/public/default/_footer.php 33
ERROR - 2019-08-15 10:38:35 --> Severity: Notice --> Undefined index: slogan /var/www/tomita-mart/application/views/public/default/_footer.php 34
ERROR - 2019-08-15 10:38:35 --> Severity: Notice --> Undefined index: description_footer /var/www/tomita-mart/application/views/public/default/_footer.php 33
ERROR - 2019-08-15 10:38:35 --> Severity: Notice --> Undefined index: slogan /var/www/tomita-mart/application/views/public/default/_footer.php 34
ERROR - 2019-08-15 10:38:43 --> Severity: Notice --> Undefined index: description_footer /var/www/tomita-mart/application/views/public/default/_footer.php 33
ERROR - 2019-08-15 10:38:43 --> Severity: Notice --> Undefined index: slogan /var/www/tomita-mart/application/views/public/default/_footer.php 34
ERROR - 2019-08-15 10:38:43 --> Severity: Notice --> Undefined index: description_footer /var/www/tomita-mart/application/views/public/default/_footer.php 33
ERROR - 2019-08-15 10:38:43 --> Severity: Notice --> Undefined index: slogan /var/www/tomita-mart/application/views/public/default/_footer.php 34
