ERROR - 2019-08-05 09:30:30 --> Severity: Notice --> Undefined index: description_footer /var/www/tomita-mart/application/views/public/default/_footer.php 33
ERROR - 2019-08-05 09:30:30 --> Severity: Notice --> Undefined index: slogan /var/www/tomita-mart/application/views/public/default/_footer.php 34
ERROR - 2019-08-05 09:30:31 --> Severity: Notice --> Undefined index: description_footer /var/www/tomita-mart/application/views/public/default/_footer.php 33
ERROR - 2019-08-05 09:30:31 --> Severity: Notice --> Undefined index: slogan /var/www/tomita-mart/application/views/public/default/_footer.php 34
ERROR - 2019-08-05 09:31:04 --> Severity: Notice --> Undefined index: description_footer /var/www/tomita-mart/application/views/public/default/_footer.php 33
ERROR - 2019-08-05 09:31:04 --> Severity: Notice --> Undefined index: slogan /var/www/tomita-mart/application/views/public/default/_footer.php 34
ERROR - 2019-08-05 09:31:08 --> Severity: Notice --> Undefined index: description_footer /var/www/tomita-mart/application/views/public/default/_footer.php 33
ERROR - 2019-08-05 09:31:08 --> Severity: Notice --> Undefined index: slogan /var/www/tomita-mart/application/views/public/default/_footer.php 34
ERROR - 2019-08-05 09:48:13 --> Severity: Notice --> Undefined index: description_footer /var/www/tomita-mart/application/views/public/default/_footer.php 33
ERROR - 2019-08-05 09:48:13 --> Severity: Notice --> Undefined index: slogan /var/www/tomita-mart/application/views/public/default/_footer.php 34
ERROR - 2019-08-05 09:48:14 --> Severity: Notice --> Undefined index: description_footer /var/www/tomita-mart/application/views/public/default/_footer.php 33
ERROR - 2019-08-05 09:48:14 --> Severity: Notice --> Undefined index: slogan /var/www/tomita-mart/application/views/public/default/_footer.php 34
ERROR - 2019-08-05 09:48:15 --> Severity: Notice --> Undefined index: description_footer /var/www/tomita-mart/application/views/public/default/_footer.php 33
ERROR - 2019-08-05 09:48:15 --> Severity: Notice --> Undefined index: slogan /var/www/tomita-mart/application/views/public/default/_footer.php 34
ERROR - 2019-08-05 09:48:18 --> Severity: Warning --> Missing argument 3 for Order::list_option(), called in /var/www/tomita-mart/application/controllers/admin/Order.php on line 96 and defined /var/www/tomita-mart/application/controllers/admin/Order.php 110
ERROR - 2019-08-05 10:01:50 --> Severity: Notice --> Undefined index: description_footer /var/www/tomita-mart/application/views/public/default/_footer.php 33
ERROR - 2019-08-05 10:01:50 --> Severity: Notice --> Undefined index: slogan /var/www/tomita-mart/application/views/public/default/_footer.php 34
ERROR - 2019-08-05 10:01:51 --> Severity: Notice --> Undefined index: description_footer /var/www/tomita-mart/application/views/public/default/_footer.php 33
ERROR - 2019-08-05 10:01:51 --> Severity: Notice --> Undefined index: slogan /var/www/tomita-mart/application/views/public/default/_footer.php 34
ERROR - 2019-08-05 10:02:11 --> Severity: Notice --> Undefined index: description_footer /var/www/tomita-mart/application/views/public/default/_footer.php 33
ERROR - 2019-08-05 10:02:11 --> Severity: Notice --> Undefined index: slogan /var/www/tomita-mart/application/views/public/default/_footer.php 34
ERROR - 2019-08-05 10:02:11 --> Severity: Notice --> Undefined index: description_footer /var/www/tomita-mart/application/views/public/default/_footer.php 33
ERROR - 2019-08-05 10:02:11 --> Severity: Notice --> Undefined index: slogan /var/www/tomita-mart/application/views/public/default/_footer.php 34
ERROR - 2019-08-05 10:02:50 --> Severity: Notice --> Undefined index: description_footer /var/www/tomita-mart/application/views/public/default/_footer.php 33
ERROR - 2019-08-05 10:02:50 --> Severity: Notice --> Undefined index: slogan /var/www/tomita-mart/application/views/public/default/_footer.php 34
ERROR - 2019-08-05 10:02:51 --> Severity: Notice --> Undefined index: description_footer /var/www/tomita-mart/application/views/public/default/_footer.php 33
ERROR - 2019-08-05 10:02:51 --> Severity: Notice --> Undefined index: slogan /var/www/tomita-mart/application/views/public/default/_footer.php 34
ERROR - 2019-08-05 10:03:37 --> Severity: Notice --> Undefined index: description_footer /var/www/tomita-mart/application/views/public/default/_footer.php 33
ERROR - 2019-08-05 10:03:37 --> Severity: Notice --> Undefined index: slogan /var/www/tomita-mart/application/views/public/default/_footer.php 34
ERROR - 2019-08-05 10:03:38 --> Severity: Notice --> Undefined index: description_footer /var/www/tomita-mart/application/views/public/default/_footer.php 33
ERROR - 2019-08-05 10:03:38 --> Severity: Notice --> Undefined index: slogan /var/www/tomita-mart/application/views/public/default/_footer.php 34
ERROR - 2019-08-05 10:10:04 --> Severity: Notice --> Undefined index: description_footer /var/www/tomita-mart/application/views/public/default/_footer.php 33
ERROR - 2019-08-05 10:10:04 --> Severity: Notice --> Undefined index: slogan /var/www/tomita-mart/application/views/public/default/_footer.php 34
ERROR - 2019-08-05 10:10:05 --> Severity: Notice --> Undefined index: description_footer /var/www/tomita-mart/application/views/public/default/_footer.php 33
ERROR - 2019-08-05 10:10:05 --> Severity: Notice --> Undefined index: slogan /var/www/tomita-mart/application/views/public/default/_footer.php 34
ERROR - 2019-08-05 10:12:14 --> Severity: Notice --> Undefined index: description_footer /var/www/tomita-mart/application/views/public/default/_footer.php 33
ERROR - 2019-08-05 10:12:14 --> Severity: Notice --> Undefined index: slogan /var/www/tomita-mart/application/views/public/default/_footer.php 34
ERROR - 2019-08-05 10:12:15 --> Severity: Notice --> Undefined index: description_footer /var/www/tomita-mart/application/views/public/default/_footer.php 33
ERROR - 2019-08-05 10:12:15 --> Severity: Notice --> Undefined index: slogan /var/www/tomita-mart/application/views/public/default/_footer.php 34
ERROR - 2019-08-05 10:13:48 --> Severity: Notice --> Undefined index: description_footer /var/www/tomita-mart/application/views/public/default/_footer.php 33
ERROR - 2019-08-05 10:13:48 --> Severity: Notice --> Undefined index: slogan /var/www/tomita-mart/application/views/public/default/_footer.php 34
ERROR - 2019-08-05 10:13:49 --> Severity: Notice --> Undefined index: description_footer /var/www/tomita-mart/application/views/public/default/_footer.php 33
ERROR - 2019-08-05 10:13:49 --> Severity: Notice --> Undefined index: slogan /var/www/tomita-mart/application/views/public/default/_footer.php 34
ERROR - 2019-08-05 10:17:17 --> Severity: Notice --> Undefined index: description_footer /var/www/tomita-mart/application/views/public/default/_footer.php 33
ERROR - 2019-08-05 10:17:17 --> Severity: Notice --> Undefined index: slogan /var/www/tomita-mart/application/views/public/default/_footer.php 34
ERROR - 2019-08-05 10:17:17 --> Severity: Notice --> Undefined index: description_footer /var/www/tomita-mart/application/views/public/default/_footer.php 33
ERROR - 2019-08-05 10:17:17 --> Severity: Notice --> Undefined index: slogan /var/www/tomita-mart/application/views/public/default/_footer.php 34
ERROR - 2019-08-05 10:17:25 --> Severity: Notice --> Undefined index: description_footer /var/www/tomita-mart/application/views/public/default/_footer.php 33
ERROR - 2019-08-05 10:17:25 --> Severity: Notice --> Undefined index: slogan /var/www/tomita-mart/application/views/public/default/_footer.php 34
ERROR - 2019-08-05 10:17:26 --> Severity: Notice --> Undefined index: description_footer /var/www/tomita-mart/application/views/public/default/_footer.php 33
ERROR - 2019-08-05 10:17:26 --> Severity: Notice --> Undefined index: slogan /var/www/tomita-mart/application/views/public/default/_footer.php 34
ERROR - 2019-08-05 10:17:36 --> Severity: Notice --> Undefined index: description_footer /var/www/tomita-mart/application/views/public/default/_footer.php 33
ERROR - 2019-08-05 10:17:36 --> Severity: Notice --> Undefined index: slogan /var/www/tomita-mart/application/views/public/default/_footer.php 34
ERROR - 2019-08-05 10:17:37 --> Severity: Notice --> Undefined index: description_footer /var/www/tomita-mart/application/views/public/default/_footer.php 33
ERROR - 2019-08-05 10:17:37 --> Severity: Notice --> Undefined index: slogan /var/www/tomita-mart/application/views/public/default/_footer.php 34
ERROR - 2019-08-05 10:19:11 --> Severity: Notice --> Undefined index: description_footer /var/www/tomita-mart/application/views/public/default/_footer.php 33
ERROR - 2019-08-05 10:19:11 --> Severity: Notice --> Undefined index: slogan /var/www/tomita-mart/application/views/public/default/_footer.php 34
ERROR - 2019-08-05 10:19:11 --> Severity: Notice --> Undefined index: description_footer /var/www/tomita-mart/application/views/public/default/_footer.php 33
ERROR - 2019-08-05 10:19:11 --> Severity: Notice --> Undefined index: slogan /var/www/tomita-mart/application/views/public/default/_footer.php 34
ERROR - 2019-08-05 10:27:24 --> Severity: Notice --> Undefined index: description_footer /var/www/tomita-mart/application/views/public/default/_footer.php 33
ERROR - 2019-08-05 10:27:24 --> Severity: Notice --> Undefined index: slogan /var/www/tomita-mart/application/views/public/default/_footer.php 34
ERROR - 2019-08-05 10:27:24 --> Severity: Notice --> Undefined index: description_footer /var/www/tomita-mart/application/views/public/default/_footer.php 33
ERROR - 2019-08-05 10:27:24 --> Severity: Notice --> Undefined index: slogan /var/www/tomita-mart/application/views/public/default/_footer.php 34
ERROR - 2019-08-05 10:29:06 --> Severity: Notice --> Undefined index: description_footer /var/www/tomita-mart/application/views/public/default/_footer.php 33
ERROR - 2019-08-05 10:29:06 --> Severity: Notice --> Undefined index: slogan /var/www/tomita-mart/application/views/public/default/_footer.php 34
ERROR - 2019-08-05 10:29:07 --> Severity: Notice --> Undefined index: description_footer /var/www/tomita-mart/application/views/public/default/_footer.php 33
ERROR - 2019-08-05 10:29:07 --> Severity: Notice --> Undefined index: slogan /var/www/tomita-mart/application/views/public/default/_footer.php 34
ERROR - 2019-08-05 10:31:25 --> Severity: Notice --> Undefined index: description_footer /var/www/tomita-mart/application/views/public/default/_footer.php 33
ERROR - 2019-08-05 10:31:25 --> Severity: Notice --> Undefined index: slogan /var/www/tomita-mart/application/views/public/default/_footer.php 34
ERROR - 2019-08-05 10:31:26 --> Severity: Notice --> Undefined index: description_footer /var/www/tomita-mart/application/views/public/default/_footer.php 33
ERROR - 2019-08-05 10:31:26 --> Severity: Notice --> Undefined index: slogan /var/www/tomita-mart/application/views/public/default/_footer.php 34
ERROR - 2019-08-05 10:33:16 --> Severity: Notice --> Undefined index: description_footer /var/www/tomita-mart/application/views/public/default/_footer.php 33
ERROR - 2019-08-05 10:33:16 --> Severity: Notice --> Undefined index: slogan /var/www/tomita-mart/application/views/public/default/_footer.php 34
ERROR - 2019-08-05 10:33:17 --> Severity: Notice --> Undefined index: description_footer /var/www/tomita-mart/application/views/public/default/_footer.php 33
ERROR - 2019-08-05 10:33:17 --> Severity: Notice --> Undefined index: slogan /var/www/tomita-mart/application/views/public/default/_footer.php 34
ERROR - 2019-08-05 10:34:50 --> Severity: Notice --> Undefined index: description_footer /var/www/tomita-mart/application/views/public/default/_footer.php 33
ERROR - 2019-08-05 10:34:50 --> Severity: Notice --> Undefined index: slogan /var/www/tomita-mart/application/views/public/default/_footer.php 34
ERROR - 2019-08-05 10:34:50 --> Severity: Notice --> Undefined index: description_footer /var/www/tomita-mart/application/views/public/default/_footer.php 33
ERROR - 2019-08-05 10:34:50 --> Severity: Notice --> Undefined index: slogan /var/www/tomita-mart/application/views/public/default/_footer.php 34
ERROR - 2019-08-05 10:35:32 --> Severity: Notice --> Undefined index: description_footer /var/www/tomita-mart/application/views/public/default/_footer.php 33
ERROR - 2019-08-05 10:35:32 --> Severity: Notice --> Undefined index: slogan /var/www/tomita-mart/application/views/public/default/_footer.php 34
ERROR - 2019-08-05 10:35:33 --> Severity: Notice --> Undefined index: description_footer /var/www/tomita-mart/application/views/public/default/_footer.php 33
ERROR - 2019-08-05 10:35:33 --> Severity: Notice --> Undefined index: slogan /var/www/tomita-mart/application/views/public/default/_footer.php 34
ERROR - 2019-08-05 10:35:40 --> Severity: Notice --> Undefined index: description_footer /var/www/tomita-mart/application/views/public/default/_footer.php 33
ERROR - 2019-08-05 10:35:40 --> Severity: Notice --> Undefined index: slogan /var/www/tomita-mart/application/views/public/default/_footer.php 34
ERROR - 2019-08-05 10:35:41 --> Severity: Notice --> Undefined index: description_footer /var/www/tomita-mart/application/views/public/default/_footer.php 33
ERROR - 2019-08-05 10:35:41 --> Severity: Notice --> Undefined index: slogan /var/www/tomita-mart/application/views/public/default/_footer.php 34
ERROR - 2019-08-05 10:36:14 --> Severity: Notice --> Undefined index: description_footer /var/www/tomita-mart/application/views/public/default/_footer.php 33
ERROR - 2019-08-05 10:36:14 --> Severity: Notice --> Undefined index: slogan /var/www/tomita-mart/application/views/public/default/_footer.php 34
ERROR - 2019-08-05 10:36:14 --> Severity: Notice --> Undefined index: description_footer /var/www/tomita-mart/application/views/public/default/_footer.php 33
ERROR - 2019-08-05 10:36:14 --> Severity: Notice --> Undefined index: slogan /var/www/tomita-mart/application/views/public/default/_footer.php 34
ERROR - 2019-08-05 10:36:36 --> Severity: Notice --> Undefined index: description_footer /var/www/tomita-mart/application/views/public/default/_footer.php 33
ERROR - 2019-08-05 10:36:36 --> Severity: Notice --> Undefined index: slogan /var/www/tomita-mart/application/views/public/default/_footer.php 34
ERROR - 2019-08-05 10:36:37 --> Severity: Notice --> Undefined index: description_footer /var/www/tomita-mart/application/views/public/default/_footer.php 33
ERROR - 2019-08-05 10:36:37 --> Severity: Notice --> Undefined index: slogan /var/www/tomita-mart/application/views/public/default/_footer.php 34
ERROR - 2019-08-05 10:36:56 --> Severity: Notice --> Undefined index: description_footer /var/www/tomita-mart/application/views/public/default/_footer.php 33
ERROR - 2019-08-05 10:36:56 --> Severity: Notice --> Undefined index: slogan /var/www/tomita-mart/application/views/public/default/_footer.php 34
ERROR - 2019-08-05 10:36:57 --> Severity: Notice --> Undefined index: description_footer /var/www/tomita-mart/application/views/public/default/_footer.php 33
ERROR - 2019-08-05 10:36:57 --> Severity: Notice --> Undefined index: slogan /var/www/tomita-mart/application/views/public/default/_footer.php 34
ERROR - 2019-08-05 10:37:43 --> Severity: Notice --> Undefined index: description_footer /var/www/tomita-mart/application/views/public/default/_footer.php 33
ERROR - 2019-08-05 10:37:43 --> Severity: Notice --> Undefined index: slogan /var/www/tomita-mart/application/views/public/default/_footer.php 34
ERROR - 2019-08-05 10:37:44 --> Severity: Notice --> Undefined index: description_footer /var/www/tomita-mart/application/views/public/default/_footer.php 33
ERROR - 2019-08-05 10:37:44 --> Severity: Notice --> Undefined index: slogan /var/www/tomita-mart/application/views/public/default/_footer.php 34
ERROR - 2019-08-05 10:38:55 --> Severity: Notice --> Undefined index: description_footer /var/www/tomita-mart/application/views/public/default/_footer.php 33
ERROR - 2019-08-05 10:38:55 --> Severity: Notice --> Undefined index: slogan /var/www/tomita-mart/application/views/public/default/_footer.php 34
ERROR - 2019-08-05 10:38:55 --> Severity: Notice --> Undefined index: description_footer /var/www/tomita-mart/application/views/public/default/_footer.php 33
ERROR - 2019-08-05 10:38:55 --> Severity: Notice --> Undefined index: slogan /var/www/tomita-mart/application/views/public/default/_footer.php 34
ERROR - 2019-08-05 10:51:13 --> Could not find the language line "news"
ERROR - 2019-08-05 10:51:13 --> Could not find the language line "video"
ERROR - 2019-08-05 10:51:14 --> Severity: Notice --> Undefined index: description_footer /var/www/tomita-mart/application/views/public/default/_footer.php 33
ERROR - 2019-08-05 10:51:14 --> Severity: Notice --> Undefined index: slogan /var/www/tomita-mart/application/views/public/default/_footer.php 34
ERROR - 2019-08-05 10:51:38 --> Severity: Notice --> Undefined index: description_footer /var/www/tomita-mart/application/views/public/default/_footer.php 33
ERROR - 2019-08-05 10:51:38 --> Severity: Notice --> Undefined index: slogan /var/www/tomita-mart/application/views/public/default/_footer.php 34
ERROR - 2019-08-05 10:51:47 --> Severity: Notice --> Undefined index: description_footer /var/www/tomita-mart/application/views/public/default/_footer.php 33
ERROR - 2019-08-05 10:51:47 --> Severity: Notice --> Undefined index: slogan /var/www/tomita-mart/application/views/public/default/_footer.php 34
ERROR - 2019-08-05 10:52:38 --> Severity: Notice --> Use of undefined constant GG_CAPTCHA_MODE - assumed 'GG_CAPTCHA_MODE' /var/www/tomita-mart/application/views/public/default/page/page-contact.php 111
ERROR - 2019-08-05 10:52:38 --> Severity: Notice --> Undefined index: description_footer /var/www/tomita-mart/application/views/public/default/_footer.php 33
ERROR - 2019-08-05 10:52:38 --> Severity: Notice --> Undefined index: slogan /var/www/tomita-mart/application/views/public/default/_footer.php 34
ERROR - 2019-08-05 10:53:53 --> Severity: Notice --> Undefined index: description_footer /var/www/tomita-mart/application/views/public/default/_footer.php 33
ERROR - 2019-08-05 10:53:53 --> Severity: Notice --> Undefined index: slogan /var/www/tomita-mart/application/views/public/default/_footer.php 34
ERROR - 2019-08-05 10:59:43 --> Could not find the language line "xacthuccapcha"
ERROR - 2019-08-05 11:06:36 --> Severity: Notice --> Undefined variable: status /var/www/tomita-mart/application/views/public/default/_layout.php 87
ERROR - 2019-08-05 11:06:37 --> Severity: Notice --> Undefined variable: status /var/www/tomita-mart/application/views/public/default/_layout.php 87
ERROR - 2019-08-05 11:06:43 --> Severity: Warning --> call_user_func_array() expects parameter 1 to be a valid callback, class 'Page' does not have a method '_404' /var/www/tomita-mart/system/core/CodeIgniter.php 532
ERROR - 2019-08-05 11:06:44 --> Severity: Notice --> Undefined variable: status /var/www/tomita-mart/application/views/public/default/_layout.php 87
ERROR - 2019-08-05 11:06:49 --> Severity: Notice --> Undefined variable: status /var/www/tomita-mart/application/views/public/default/_layout.php 87
ERROR - 2019-08-05 11:06:49 --> Severity: Notice --> Undefined variable: status /var/www/tomita-mart/application/views/public/default/_layout.php 87
ERROR - 2019-08-05 11:06:57 --> Severity: Notice --> Undefined variable: status /var/www/tomita-mart/application/views/public/default/_layout.php 87
ERROR - 2019-08-05 11:07:11 --> Severity: Notice --> Undefined variable: status /var/www/tomita-mart/application/views/public/default/_layout.php 87
ERROR - 2019-08-05 11:07:22 --> Severity: Notice --> Undefined variable: status /var/www/tomita-mart/application/views/public/default/_layout.php 87
ERROR - 2019-08-05 11:07:47 --> Severity: Notice --> Undefined index: description_footer /var/www/tomita-mart/application/views/public/default/_footer.php 33
ERROR - 2019-08-05 11:07:47 --> Severity: Notice --> Undefined index: slogan /var/www/tomita-mart/application/views/public/default/_footer.php 34
ERROR - 2019-08-05 11:07:50 --> Severity: Notice --> Undefined index: description_footer /var/www/tomita-mart/application/views/public/default/_footer.php 33
ERROR - 2019-08-05 11:07:50 --> Severity: Notice --> Undefined index: slogan /var/www/tomita-mart/application/views/public/default/_footer.php 34
ERROR - 2019-08-05 11:08:15 --> Severity: Notice --> Undefined index: description_footer /var/www/tomita-mart/application/views/public/default/_footer.php 33
ERROR - 2019-08-05 11:08:15 --> Severity: Notice --> Undefined index: slogan /var/www/tomita-mart/application/views/public/default/_footer.php 34
ERROR - 2019-08-05 11:09:55 --> Severity: Notice --> Undefined index: description_footer /var/www/tomita-mart/application/views/public/default/_footer.php 33
ERROR - 2019-08-05 11:09:55 --> Severity: Notice --> Undefined index: slogan /var/www/tomita-mart/application/views/public/default/_footer.php 34
ERROR - 2019-08-05 11:09:57 --> Severity: Notice --> Undefined index: description_footer /var/www/tomita-mart/application/views/public/default/_footer.php 33
ERROR - 2019-08-05 11:09:57 --> Severity: Notice --> Undefined index: slogan /var/www/tomita-mart/application/views/public/default/_footer.php 34
ERROR - 2019-08-05 11:11:19 --> Severity: Notice --> Undefined index: description_footer /var/www/tomita-mart/application/views/public/default/_footer.php 33
ERROR - 2019-08-05 11:11:19 --> Severity: Notice --> Undefined index: slogan /var/www/tomita-mart/application/views/public/default/_footer.php 34
ERROR - 2019-08-05 11:11:20 --> Severity: Notice --> Undefined index: description_footer /var/www/tomita-mart/application/views/public/default/_footer.php 33
ERROR - 2019-08-05 11:11:20 --> Severity: Notice --> Undefined index: slogan /var/www/tomita-mart/application/views/public/default/_footer.php 34
ERROR - 2019-08-05 11:11:44 --> Severity: Notice --> Undefined index: description_footer /var/www/tomita-mart/application/views/public/default/_footer.php 33
ERROR - 2019-08-05 11:11:44 --> Severity: Notice --> Undefined index: slogan /var/www/tomita-mart/application/views/public/default/_footer.php 34
ERROR - 2019-08-05 11:11:45 --> Severity: Notice --> Undefined index: description_footer /var/www/tomita-mart/application/views/public/default/_footer.php 33
ERROR - 2019-08-05 11:11:45 --> Severity: Notice --> Undefined index: slogan /var/www/tomita-mart/application/views/public/default/_footer.php 34
ERROR - 2019-08-05 11:12:02 --> Severity: Notice --> Undefined index: description_footer /var/www/tomita-mart/application/views/public/default/_footer.php 33
ERROR - 2019-08-05 11:12:02 --> Severity: Notice --> Undefined index: slogan /var/www/tomita-mart/application/views/public/default/_footer.php 34
ERROR - 2019-08-05 11:12:03 --> Severity: Notice --> Undefined index: description_footer /var/www/tomita-mart/application/views/public/default/_footer.php 33
ERROR - 2019-08-05 11:12:03 --> Severity: Notice --> Undefined index: slogan /var/www/tomita-mart/application/views/public/default/_footer.php 34
ERROR - 2019-08-05 11:12:33 --> Severity: Notice --> Undefined index: description_footer /var/www/tomita-mart/application/views/public/default/_footer.php 33
ERROR - 2019-08-05 11:12:33 --> Severity: Notice --> Undefined index: slogan /var/www/tomita-mart/application/views/public/default/_footer.php 34
ERROR - 2019-08-05 11:12:34 --> Severity: Notice --> Undefined index: description_footer /var/www/tomita-mart/application/views/public/default/_footer.php 33
ERROR - 2019-08-05 11:12:34 --> Severity: Notice --> Undefined index: slogan /var/www/tomita-mart/application/views/public/default/_footer.php 34
ERROR - 2019-08-05 11:12:49 --> Severity: Notice --> Undefined index: description_footer /var/www/tomita-mart/application/views/public/default/_footer.php 33
ERROR - 2019-08-05 11:12:49 --> Severity: Notice --> Undefined index: slogan /var/www/tomita-mart/application/views/public/default/_footer.php 34
ERROR - 2019-08-05 11:12:50 --> Severity: Notice --> Undefined index: description_footer /var/www/tomita-mart/application/views/public/default/_footer.php 33
ERROR - 2019-08-05 11:12:50 --> Severity: Notice --> Undefined index: slogan /var/www/tomita-mart/application/views/public/default/_footer.php 34
ERROR - 2019-08-05 11:13:23 --> Severity: Notice --> Undefined index: description_footer /var/www/tomita-mart/application/views/public/default/_footer.php 33
ERROR - 2019-08-05 11:13:23 --> Severity: Notice --> Undefined index: slogan /var/www/tomita-mart/application/views/public/default/_footer.php 34
ERROR - 2019-08-05 11:13:24 --> Severity: Notice --> Undefined index: description_footer /var/www/tomita-mart/application/views/public/default/_footer.php 33
ERROR - 2019-08-05 11:13:24 --> Severity: Notice --> Undefined index: slogan /var/www/tomita-mart/application/views/public/default/_footer.php 34
ERROR - 2019-08-05 11:13:56 --> Severity: Notice --> Undefined index: description_footer /var/www/tomita-mart/application/views/public/default/_footer.php 33
ERROR - 2019-08-05 11:13:56 --> Severity: Notice --> Undefined index: slogan /var/www/tomita-mart/application/views/public/default/_footer.php 34
ERROR - 2019-08-05 11:13:57 --> Severity: Notice --> Undefined index: description_footer /var/www/tomita-mart/application/views/public/default/_footer.php 33
ERROR - 2019-08-05 11:13:57 --> Severity: Notice --> Undefined index: slogan /var/www/tomita-mart/application/views/public/default/_footer.php 34
ERROR - 2019-08-05 11:14:43 --> Severity: Notice --> Undefined index: description_footer /var/www/tomita-mart/application/views/public/default/_footer.php 33
ERROR - 2019-08-05 11:14:43 --> Severity: Notice --> Undefined index: slogan /var/www/tomita-mart/application/views/public/default/_footer.php 34
ERROR - 2019-08-05 11:14:44 --> Severity: Notice --> Undefined index: description_footer /var/www/tomita-mart/application/views/public/default/_footer.php 33
ERROR - 2019-08-05 11:14:44 --> Severity: Notice --> Undefined index: slogan /var/www/tomita-mart/application/views/public/default/_footer.php 34
ERROR - 2019-08-05 11:17:30 --> Severity: Notice --> Undefined index: description_footer /var/www/tomita-mart/application/views/public/default/_footer.php 33
ERROR - 2019-08-05 11:17:30 --> Severity: Notice --> Undefined index: slogan /var/www/tomita-mart/application/views/public/default/_footer.php 34
ERROR - 2019-08-05 11:17:31 --> Severity: Notice --> Undefined index: description_footer /var/www/tomita-mart/application/views/public/default/_footer.php 33
ERROR - 2019-08-05 11:17:31 --> Severity: Notice --> Undefined index: slogan /var/www/tomita-mart/application/views/public/default/_footer.php 34
ERROR - 2019-08-05 11:17:35 --> Severity: Notice --> Undefined index: description_footer /var/www/tomita-mart/application/views/public/default/_footer.php 33
ERROR - 2019-08-05 11:17:35 --> Severity: Notice --> Undefined index: slogan /var/www/tomita-mart/application/views/public/default/_footer.php 34
ERROR - 2019-08-05 11:17:36 --> Severity: Notice --> Undefined index: description_footer /var/www/tomita-mart/application/views/public/default/_footer.php 33
ERROR - 2019-08-05 11:17:36 --> Severity: Notice --> Undefined index: slogan /var/www/tomita-mart/application/views/public/default/_footer.php 34
ERROR - 2019-08-05 11:17:43 --> Severity: Notice --> Undefined index: description_footer /var/www/tomita-mart/application/views/public/default/_footer.php 33
ERROR - 2019-08-05 11:17:43 --> Severity: Notice --> Undefined index: slogan /var/www/tomita-mart/application/views/public/default/_footer.php 34
ERROR - 2019-08-05 11:17:44 --> Severity: Notice --> Undefined index: description_footer /var/www/tomita-mart/application/views/public/default/_footer.php 33
ERROR - 2019-08-05 11:17:44 --> Severity: Notice --> Undefined index: slogan /var/www/tomita-mart/application/views/public/default/_footer.php 34
ERROR - 2019-08-05 11:17:47 --> Severity: Notice --> Undefined index: description_footer /var/www/tomita-mart/application/views/public/default/_footer.php 33
ERROR - 2019-08-05 11:17:47 --> Severity: Notice --> Undefined index: slogan /var/www/tomita-mart/application/views/public/default/_footer.php 34
ERROR - 2019-08-05 11:17:47 --> Severity: Notice --> Undefined index: description_footer /var/www/tomita-mart/application/views/public/default/_footer.php 33
ERROR - 2019-08-05 11:17:47 --> Severity: Notice --> Undefined index: slogan /var/www/tomita-mart/application/views/public/default/_footer.php 34
ERROR - 2019-08-05 11:19:47 --> Severity: Notice --> Undefined variable: status /var/www/tomita-mart/application/views/admin/_layout.php 76
ERROR - 2019-08-05 11:19:47 --> Severity: Notice --> Undefined index: description_footer /var/www/tomita-mart/application/views/public/default/_footer.php 33
ERROR - 2019-08-05 11:19:47 --> Severity: Notice --> Undefined index: slogan /var/www/tomita-mart/application/views/public/default/_footer.php 34
ERROR - 2019-08-05 11:19:48 --> Severity: Notice --> Undefined index: description_footer /var/www/tomita-mart/application/views/public/default/_footer.php 33
ERROR - 2019-08-05 11:19:48 --> Severity: Notice --> Undefined index: slogan /var/www/tomita-mart/application/views/public/default/_footer.php 34
ERROR - 2019-08-05 11:20:03 --> Severity: Notice --> Undefined variable: status /var/www/tomita-mart/application/views/admin/_layout.php 76
ERROR - 2019-08-05 11:20:03 --> Severity: Notice --> Undefined index: description_footer /var/www/tomita-mart/application/views/public/default/_footer.php 33
ERROR - 2019-08-05 11:20:03 --> Severity: Notice --> Undefined index: slogan /var/www/tomita-mart/application/views/public/default/_footer.php 34
ERROR - 2019-08-05 11:20:04 --> Severity: Notice --> Undefined index: description_footer /var/www/tomita-mart/application/views/public/default/_footer.php 33
ERROR - 2019-08-05 11:20:04 --> Severity: Notice --> Undefined index: slogan /var/www/tomita-mart/application/views/public/default/_footer.php 34
ERROR - 2019-08-05 11:25:28 --> Severity: Notice --> Undefined variable: status /var/www/tomita-mart/application/views/admin/_layout.php 76
ERROR - 2019-08-05 11:25:29 --> Severity: Notice --> Undefined index: description_footer /var/www/tomita-mart/application/views/public/default/_footer.php 33
ERROR - 2019-08-05 11:25:29 --> Severity: Notice --> Undefined index: slogan /var/www/tomita-mart/application/views/public/default/_footer.php 34
ERROR - 2019-08-05 11:25:30 --> Severity: Notice --> Undefined index: description_footer /var/www/tomita-mart/application/views/public/default/_footer.php 33
ERROR - 2019-08-05 11:25:30 --> Severity: Notice --> Undefined index: slogan /var/www/tomita-mart/application/views/public/default/_footer.php 34
ERROR - 2019-08-05 11:25:50 --> Severity: Notice --> Undefined variable: status /var/www/tomita-mart/application/views/admin/_layout.php 76
ERROR - 2019-08-05 11:25:51 --> Severity: Notice --> Undefined index: description_footer /var/www/tomita-mart/application/views/public/default/_footer.php 33
ERROR - 2019-08-05 11:25:51 --> Severity: Notice --> Undefined index: slogan /var/www/tomita-mart/application/views/public/default/_footer.php 34
ERROR - 2019-08-05 11:25:51 --> Severity: Notice --> Undefined index: description_footer /var/www/tomita-mart/application/views/public/default/_footer.php 33
ERROR - 2019-08-05 11:25:51 --> Severity: Notice --> Undefined index: slogan /var/www/tomita-mart/application/views/public/default/_footer.php 34
ERROR - 2019-08-05 11:26:27 --> Severity: Notice --> Undefined variable: status /var/www/tomita-mart/application/views/admin/_layout.php 76
ERROR - 2019-08-05 11:26:28 --> Severity: Notice --> Undefined index: description_footer /var/www/tomita-mart/application/views/public/default/_footer.php 33
ERROR - 2019-08-05 11:26:28 --> Severity: Notice --> Undefined index: slogan /var/www/tomita-mart/application/views/public/default/_footer.php 34
ERROR - 2019-08-05 11:26:29 --> Severity: Notice --> Undefined index: description_footer /var/www/tomita-mart/application/views/public/default/_footer.php 33
ERROR - 2019-08-05 11:26:29 --> Severity: Notice --> Undefined index: slogan /var/www/tomita-mart/application/views/public/default/_footer.php 34
ERROR - 2019-08-05 11:26:54 --> Severity: Notice --> Undefined variable: status /var/www/tomita-mart/application/views/admin/_layout.php 76
ERROR - 2019-08-05 11:26:55 --> Severity: Notice --> Undefined index: description_footer /var/www/tomita-mart/application/views/public/default/_footer.php 33
ERROR - 2019-08-05 11:26:55 --> Severity: Notice --> Undefined index: slogan /var/www/tomita-mart/application/views/public/default/_footer.php 34
ERROR - 2019-08-05 11:26:56 --> Severity: Notice --> Undefined index: description_footer /var/www/tomita-mart/application/views/public/default/_footer.php 33
ERROR - 2019-08-05 11:26:56 --> Severity: Notice --> Undefined index: slogan /var/www/tomita-mart/application/views/public/default/_footer.php 34
ERROR - 2019-08-05 11:27:34 --> Severity: Notice --> Undefined variable: status /var/www/tomita-mart/application/views/admin/_layout.php 76
ERROR - 2019-08-05 11:27:34 --> Severity: Notice --> Undefined index: description_footer /var/www/tomita-mart/application/views/public/default/_footer.php 33
ERROR - 2019-08-05 11:27:34 --> Severity: Notice --> Undefined index: slogan /var/www/tomita-mart/application/views/public/default/_footer.php 34
ERROR - 2019-08-05 11:27:35 --> Severity: Notice --> Undefined index: description_footer /var/www/tomita-mart/application/views/public/default/_footer.php 33
ERROR - 2019-08-05 11:27:35 --> Severity: Notice --> Undefined index: slogan /var/www/tomita-mart/application/views/public/default/_footer.php 34
ERROR - 2019-08-05 11:28:12 --> Could not find the language line "news"
ERROR - 2019-08-05 11:28:12 --> Could not find the language line "video"
ERROR - 2019-08-05 11:28:12 --> Severity: Notice --> Undefined index: description_footer /var/www/tomita-mart/application/views/public/default/_footer.php 33
ERROR - 2019-08-05 11:28:12 --> Severity: Notice --> Undefined index: slogan /var/www/tomita-mart/application/views/public/default/_footer.php 34
ERROR - 2019-08-05 11:28:19 --> Severity: Notice --> Undefined index: description_footer /var/www/tomita-mart/application/views/public/default/_footer.php 33
ERROR - 2019-08-05 11:28:19 --> Severity: Notice --> Undefined index: slogan /var/www/tomita-mart/application/views/public/default/_footer.php 34
ERROR - 2019-08-05 11:28:37 --> Could not find the language line "news"
ERROR - 2019-08-05 11:28:37 --> Could not find the language line "video"
ERROR - 2019-08-05 11:28:38 --> Severity: Notice --> Undefined index: description_footer /var/www/tomita-mart/application/views/public/default/_footer.php 33
ERROR - 2019-08-05 11:28:38 --> Severity: Notice --> Undefined index: slogan /var/www/tomita-mart/application/views/public/default/_footer.php 34
ERROR - 2019-08-05 11:28:38 --> Severity: Notice --> Undefined variable: status /var/www/tomita-mart/application/views/admin/_layout.php 76
ERROR - 2019-08-05 11:28:39 --> Severity: Notice --> Undefined index: description_footer /var/www/tomita-mart/application/views/public/default/_footer.php 33
ERROR - 2019-08-05 11:28:39 --> Severity: Notice --> Undefined index: slogan /var/www/tomita-mart/application/views/public/default/_footer.php 34
ERROR - 2019-08-05 11:28:40 --> Severity: Notice --> Undefined index: description_footer /var/www/tomita-mart/application/views/public/default/_footer.php 33
ERROR - 2019-08-05 11:28:40 --> Severity: Notice --> Undefined index: slogan /var/www/tomita-mart/application/views/public/default/_footer.php 34
ERROR - 2019-08-05 11:28:59 --> Severity: Notice --> Undefined index: description_footer /var/www/tomita-mart/application/views/public/default/_footer.php 33
ERROR - 2019-08-05 11:28:59 --> Severity: Notice --> Undefined index: slogan /var/www/tomita-mart/application/views/public/default/_footer.php 34
ERROR - 2019-08-05 11:29:00 --> Severity: Notice --> Undefined index: description_footer /var/www/tomita-mart/application/views/public/default/_footer.php 33
ERROR - 2019-08-05 11:29:00 --> Severity: Notice --> Undefined index: slogan /var/www/tomita-mart/application/views/public/default/_footer.php 34
ERROR - 2019-08-05 11:31:33 --> Severity: Notice --> Undefined index: description_footer /var/www/tomita-mart/application/views/public/default/_footer.php 33
ERROR - 2019-08-05 11:31:33 --> Severity: Notice --> Undefined index: slogan /var/www/tomita-mart/application/views/public/default/_footer.php 34
ERROR - 2019-08-05 11:31:33 --> Severity: Notice --> Undefined index: description_footer /var/www/tomita-mart/application/views/public/default/_footer.php 33
ERROR - 2019-08-05 11:31:33 --> Severity: Notice --> Undefined index: slogan /var/www/tomita-mart/application/views/public/default/_footer.php 34
ERROR - 2019-08-05 11:31:36 --> Severity: Notice --> Undefined variable: status /var/www/tomita-mart/application/views/admin/_layout.php 76
ERROR - 2019-08-05 11:31:37 --> Severity: Notice --> Undefined index: description_footer /var/www/tomita-mart/application/views/public/default/_footer.php 33
ERROR - 2019-08-05 11:31:37 --> Severity: Notice --> Undefined index: slogan /var/www/tomita-mart/application/views/public/default/_footer.php 34
ERROR - 2019-08-05 11:31:38 --> Severity: Notice --> Undefined index: description_footer /var/www/tomita-mart/application/views/public/default/_footer.php 33
ERROR - 2019-08-05 11:31:38 --> Severity: Notice --> Undefined index: slogan /var/www/tomita-mart/application/views/public/default/_footer.php 34
ERROR - 2019-08-05 11:31:53 --> Severity: Notice --> Undefined variable: status /var/www/tomita-mart/application/views/admin/_layout.php 76
ERROR - 2019-08-05 11:31:54 --> Severity: Notice --> Undefined index: description_footer /var/www/tomita-mart/application/views/public/default/_footer.php 33
ERROR - 2019-08-05 11:31:54 --> Severity: Notice --> Undefined index: slogan /var/www/tomita-mart/application/views/public/default/_footer.php 34
ERROR - 2019-08-05 11:31:55 --> Severity: Notice --> Undefined index: description_footer /var/www/tomita-mart/application/views/public/default/_footer.php 33
ERROR - 2019-08-05 11:31:55 --> Severity: Notice --> Undefined index: slogan /var/www/tomita-mart/application/views/public/default/_footer.php 34
ERROR - 2019-08-05 11:31:56 --> Severity: Notice --> Undefined index: description_footer /var/www/tomita-mart/application/views/public/default/_footer.php 33
ERROR - 2019-08-05 11:31:56 --> Severity: Notice --> Undefined index: slogan /var/www/tomita-mart/application/views/public/default/_footer.php 34
ERROR - 2019-08-05 11:31:57 --> Severity: Notice --> Undefined index: description_footer /var/www/tomita-mart/application/views/public/default/_footer.php 33
ERROR - 2019-08-05 11:31:57 --> Severity: Notice --> Undefined index: slogan /var/www/tomita-mart/application/views/public/default/_footer.php 34
ERROR - 2019-08-05 11:38:49 --> Could not find the language line "news"
ERROR - 2019-08-05 11:38:49 --> Could not find the language line "video"
ERROR - 2019-08-05 11:38:50 --> Severity: Notice --> Undefined index: description_footer /var/www/tomita-mart/application/views/public/default/_footer.php 33
ERROR - 2019-08-05 11:38:50 --> Severity: Notice --> Undefined index: slogan /var/www/tomita-mart/application/views/public/default/_footer.php 34
ERROR - 2019-08-05 11:38:53 --> Severity: Notice --> Undefined index: description_footer /var/www/tomita-mart/application/views/public/default/_footer.php 33
ERROR - 2019-08-05 11:38:53 --> Severity: Notice --> Undefined index: slogan /var/www/tomita-mart/application/views/public/default/_footer.php 34
ERROR - 2019-08-05 11:39:38 --> Severity: Notice --> Undefined index: description_footer /var/www/tomita-mart/application/views/public/default/_footer.php 33
ERROR - 2019-08-05 11:39:38 --> Severity: Notice --> Undefined index: slogan /var/www/tomita-mart/application/views/public/default/_footer.php 34
ERROR - 2019-08-05 11:47:22 --> Severity: Notice --> Undefined index: description_footer /var/www/tomita-mart/application/views/public/default/_footer.php 33
ERROR - 2019-08-05 11:47:22 --> Severity: Notice --> Undefined index: slogan /var/www/tomita-mart/application/views/public/default/_footer.php 34
ERROR - 2019-08-05 11:58:51 --> Could not find the language line "news"
ERROR - 2019-08-05 11:58:51 --> Could not find the language line "video"
ERROR - 2019-08-05 11:58:51 --> Severity: Notice --> Undefined index: description_footer /var/www/tomita-mart/application/views/public/default/_footer.php 33
ERROR - 2019-08-05 11:58:51 --> Severity: Notice --> Undefined index: slogan /var/www/tomita-mart/application/views/public/default/_footer.php 34
ERROR - 2019-08-05 11:58:54 --> Severity: Notice --> Undefined index: description_footer /var/www/tomita-mart/application/views/public/default/_footer.php 33
ERROR - 2019-08-05 11:58:54 --> Severity: Notice --> Undefined index: slogan /var/www/tomita-mart/application/views/public/default/_footer.php 34
ERROR - 2019-08-05 11:58:55 --> Severity: Notice --> Undefined index: description_footer /var/www/tomita-mart/application/views/public/default/_footer.php 33
ERROR - 2019-08-05 11:58:55 --> Severity: Notice --> Undefined index: slogan /var/www/tomita-mart/application/views/public/default/_footer.php 34
ERROR - 2019-08-05 12:00:20 --> Severity: Notice --> Undefined index: description_footer /var/www/tomita-mart/application/views/public/default/_footer.php 33
ERROR - 2019-08-05 12:00:20 --> Severity: Notice --> Undefined index: slogan /var/www/tomita-mart/application/views/public/default/_footer.php 34
ERROR - 2019-08-05 14:50:45 --> Severity: Notice --> Undefined index: description_footer /var/www/tomita-mart/application/views/public/default/_footer.php 33
ERROR - 2019-08-05 14:50:45 --> Severity: Notice --> Undefined index: slogan /var/www/tomita-mart/application/views/public/default/_footer.php 34
ERROR - 2019-08-05 14:50:50 --> Severity: Notice --> Undefined index: description_footer /var/www/tomita-mart/application/views/public/default/_footer.php 33
ERROR - 2019-08-05 14:50:50 --> Severity: Notice --> Undefined index: slogan /var/www/tomita-mart/application/views/public/default/_footer.php 34
ERROR - 2019-08-05 14:52:16 --> Severity: Notice --> Undefined variable: status /var/www/tomita-mart/application/views/admin/_layout.php 76
ERROR - 2019-08-05 14:52:17 --> Severity: Notice --> Undefined index: description_footer /var/www/tomita-mart/application/views/public/default/_footer.php 33
ERROR - 2019-08-05 14:52:17 --> Severity: Notice --> Undefined index: slogan /var/www/tomita-mart/application/views/public/default/_footer.php 34
ERROR - 2019-08-05 14:52:24 --> Severity: Notice --> Undefined variable: status /var/www/tomita-mart/application/views/admin/_layout.php 76
ERROR - 2019-08-05 14:52:24 --> Severity: Notice --> Undefined index: description_footer /var/www/tomita-mart/application/views/public/default/_footer.php 33
ERROR - 2019-08-05 14:52:24 --> Severity: Notice --> Undefined index: slogan /var/www/tomita-mart/application/views/public/default/_footer.php 34
ERROR - 2019-08-05 14:52:32 --> Severity: Notice --> Undefined index: description_footer /var/www/tomita-mart/application/views/public/default/_footer.php 33
ERROR - 2019-08-05 14:52:32 --> Severity: Notice --> Undefined index: slogan /var/www/tomita-mart/application/views/public/default/_footer.php 34
ERROR - 2019-08-05 14:52:32 --> Severity: Notice --> Undefined index: description_footer /var/www/tomita-mart/application/views/public/default/_footer.php 33
ERROR - 2019-08-05 14:52:32 --> Severity: Notice --> Undefined index: slogan /var/www/tomita-mart/application/views/public/default/_footer.php 34
ERROR - 2019-08-05 14:53:44 --> Severity: Notice --> Undefined variable: status /var/www/tomita-mart/application/views/admin/_layout.php 76
ERROR - 2019-08-05 14:53:45 --> Severity: Notice --> Undefined index: description_footer /var/www/tomita-mart/application/views/public/default/_footer.php 33
ERROR - 2019-08-05 14:53:45 --> Severity: Notice --> Undefined index: slogan /var/www/tomita-mart/application/views/public/default/_footer.php 34
ERROR - 2019-08-05 14:53:46 --> Severity: Notice --> Undefined index: description_footer /var/www/tomita-mart/application/views/public/default/_footer.php 33
ERROR - 2019-08-05 14:53:46 --> Severity: Notice --> Undefined index: slogan /var/www/tomita-mart/application/views/public/default/_footer.php 34
ERROR - 2019-08-05 14:54:05 --> Severity: Notice --> Undefined variable: status /var/www/tomita-mart/application/views/admin/_layout.php 76
ERROR - 2019-08-05 14:54:05 --> Severity: Notice --> Undefined index: description_footer /var/www/tomita-mart/application/views/public/default/_footer.php 33
ERROR - 2019-08-05 14:54:05 --> Severity: Notice --> Undefined index: slogan /var/www/tomita-mart/application/views/public/default/_footer.php 34
ERROR - 2019-08-05 14:54:06 --> Severity: Notice --> Undefined index: description_footer /var/www/tomita-mart/application/views/public/default/_footer.php 33
ERROR - 2019-08-05 14:54:06 --> Severity: Notice --> Undefined index: slogan /var/www/tomita-mart/application/views/public/default/_footer.php 34
ERROR - 2019-08-05 14:54:33 --> Severity: Notice --> Undefined index: description_footer /var/www/tomita-mart/application/views/public/default/_footer.php 33
ERROR - 2019-08-05 14:54:33 --> Severity: Notice --> Undefined index: slogan /var/www/tomita-mart/application/views/public/default/_footer.php 34
ERROR - 2019-08-05 14:54:34 --> Severity: Notice --> Undefined index: description_footer /var/www/tomita-mart/application/views/public/default/_footer.php 33
ERROR - 2019-08-05 14:54:34 --> Severity: Notice --> Undefined index: slogan /var/www/tomita-mart/application/views/public/default/_footer.php 34
ERROR - 2019-08-05 14:54:42 --> Severity: Notice --> Undefined index: description_footer /var/www/tomita-mart/application/views/public/default/_footer.php 33
ERROR - 2019-08-05 14:54:42 --> Severity: Notice --> Undefined index: slogan /var/www/tomita-mart/application/views/public/default/_footer.php 34
ERROR - 2019-08-05 14:54:43 --> Severity: Notice --> Undefined index: description_footer /var/www/tomita-mart/application/views/public/default/_footer.php 33
ERROR - 2019-08-05 14:54:43 --> Severity: Notice --> Undefined index: slogan /var/www/tomita-mart/application/views/public/default/_footer.php 34
ERROR - 2019-08-05 15:45:51 --> Severity: Notice --> Undefined index: description_footer /var/www/tomita-mart/application/views/public/default/_footer.php 33
ERROR - 2019-08-05 15:45:51 --> Severity: Notice --> Undefined index: slogan /var/www/tomita-mart/application/views/public/default/_footer.php 34
ERROR - 2019-08-05 15:45:52 --> Severity: Notice --> Undefined index: description_footer /var/www/tomita-mart/application/views/public/default/_footer.php 33
ERROR - 2019-08-05 15:45:52 --> Severity: Notice --> Undefined index: slogan /var/www/tomita-mart/application/views/public/default/_footer.php 34
ERROR - 2019-08-05 15:46:04 --> Severity: Notice --> Undefined index: description_footer /var/www/tomita-mart/application/views/public/default/_footer.php 33
ERROR - 2019-08-05 15:46:04 --> Severity: Notice --> Undefined index: slogan /var/www/tomita-mart/application/views/public/default/_footer.php 34
ERROR - 2019-08-05 15:46:05 --> Severity: Notice --> Undefined index: description_footer /var/www/tomita-mart/application/views/public/default/_footer.php 33
ERROR - 2019-08-05 15:46:05 --> Severity: Notice --> Undefined index: slogan /var/www/tomita-mart/application/views/public/default/_footer.php 34
ERROR - 2019-08-05 15:46:14 --> [{"icon":"","cls":"","link":"\/","type":"","id":"845","label":"Trang ch\u1ee7"},{"icon":"","cls":"","link":"#","type":"","id":"846","label":"S\u1ea3n ph\u1ea9m","children":[{"label":"Th\u1ef1c ph\u1ea9m t\u01b0\u01a1i s\u1ed1ng","link":"thuc-pham-tuoi-song-cp7","cls":"","icon":"a","type":"","id":"847"},{"icon":"","cls":"","link":"hoa-qua-cp8","type":"","id":"848","label":"Hoa qu\u1ea3"},{"icon":"","cls":"","link":"do-kho-cp21","type":"","id":"849","label":"\u0110\u1ed3 kh\u00f4"},{"icon":"","cls":"","link":"gia-vi-cp10","type":"","id":"850","label":"Gia v\u1ecb"},{"icon":"","cls":"","link":"hoa-mi-pham-huu-co-cp11","type":"","id":"851","label":"H\u00f3a m\u0129 ph\u1ea9m h\u1eefu c\u01a1"},{"icon":"","cls":"","link":"banh-keo-cp12","type":"","id":"852","label":"B\u00e1nh k\u1eb9o"},{"icon":"","cls":"","link":"do-gia-dung-cp13","type":"","id":"853","label":"\u0110\u1ed3 gia d\u1ee5ng"}]},{"icon":"","cls":"","link":"khuyen-mai.html","type":"page","id":"854","label":"Khuy\u1ebfn m\u00e3i"},{"icon":"","cls":"","link":"gioi-thieu-ve-tomita-farmjsc-d8","type":"page","id":"855","label":"V\u1ec1 ch\u00fang t\u00f4i","children":[{"icon":"","cls":"","link":"gioi-thieu-ve-tomita-farmjsc-d8","type":"","id":"856","label":"Gi\u1edbi thi\u1ec7u v\u1ec1 Tomita Farm.,JSC"},{"icon":"","cls":"","link":"trang-trai-huu-co-d9","type":"","id":"857","label":"Trang tr\u1ea1i h\u1eefu c\u01a1"},{"icon":"","cls":"","link":"tam-nhin-su-menh-d10","type":"","id":"858","label":"T\u1ea7m nh\u00ecn s\u1ee9 m\u1ec7nh"},{"icon":"","cls":"","link":"chung-nhan-chat-luong-d11","type":"","id":"859","label":"Ch\u1ee9ng nh\u1eadn ch\u1ea5t l\u01b0\u1ee3ng"},{"icon":"","cls":"","link":"lien-he.html","type":"","id":"860","label":"H\u1ec7 th\u1ed1ng c\u1eeda h\u00e0ng"}]}]
ERROR - 2019-08-05 15:46:14 --> [{"icon":"","cls":"","link":"\/","type":"","id":"845","label":"Trang ch\u1ee7"},{"icon":"","cls":"","link":"#","type":"","id":"846","label":"S\u1ea3n ph\u1ea9m","children":[{"label":"Th\u1ef1c ph\u1ea9m t\u01b0\u01a1i s\u1ed1ng","link":"thuc-pham-tuoi-song-cp7","cls":"","icon":"a","type":"","id":"847"},{"icon":"","cls":"","link":"hoa-qua-cp8","type":"","id":"848","label":"Hoa qu\u1ea3"},{"icon":"","cls":"","link":"do-kho-cp21","type":"","id":"849","label":"\u0110\u1ed3 kh\u00f4"},{"icon":"","cls":"","link":"gia-vi-cp10","type":"","id":"850","label":"Gia v\u1ecb"},{"icon":"","cls":"","link":"hoa-mi-pham-huu-co-cp11","type":"","id":"851","label":"H\u00f3a m\u0129 ph\u1ea9m h\u1eefu c\u01a1"},{"icon":"","cls":"","link":"banh-keo-cp12","type":"","id":"852","label":"B\u00e1nh k\u1eb9o"},{"icon":"","cls":"","link":"do-gia-dung-cp13","type":"","id":"853","label":"\u0110\u1ed3 gia d\u1ee5ng"}]},{"icon":"","cls":"","link":"khuyen-mai.html","type":"page","id":"854","label":"Khuy\u1ebfn m\u00e3i"},{"icon":"","cls":"","link":"gioi-thieu-ve-tomita-farmjsc-d8","type":"page","id":"855","label":"V\u1ec1 ch\u00fang t\u00f4i","children":[{"icon":"","cls":"","link":"gioi-thieu-ve-tomita-farmjsc-d8","type":"","id":"856","label":"Gi\u1edbi thi\u1ec7u v\u1ec1 Tomita Farm.,JSC"},{"icon":"","cls":"","link":"trang-trai-huu-co-d9","type":"","id":"857","label":"Trang tr\u1ea1i h\u1eefu c\u01a1"},{"icon":"","cls":"","link":"tam-nhin-su-menh-d10","type":"","id":"858","label":"T\u1ea7m nh\u00ecn s\u1ee9 m\u1ec7nh"},{"icon":"","cls":"","link":"chung-nhan-chat-luong-d11","type":"","id":"859","label":"Ch\u1ee9ng nh\u1eadn ch\u1ea5t l\u01b0\u1ee3ng"},{"icon":"","cls":"","link":"lien-he.html","type":"","id":"860","label":"H\u1ec7 th\u1ed1ng c\u1eeda h\u00e0ng"}]}]
ERROR - 2019-08-05 15:47:36 --> Severity: Notice --> Undefined index: description_footer /var/www/tomita-mart/application/views/public/default/_footer.php 33
ERROR - 2019-08-05 15:47:36 --> Severity: Notice --> Undefined index: slogan /var/www/tomita-mart/application/views/public/default/_footer.php 34
ERROR - 2019-08-05 15:47:37 --> Severity: Notice --> Undefined index: description_footer /var/www/tomita-mart/application/views/public/default/_footer.php 33
ERROR - 2019-08-05 15:47:37 --> Severity: Notice --> Undefined index: slogan /var/www/tomita-mart/application/views/public/default/_footer.php 34
ERROR - 2019-08-05 15:50:05 --> Severity: Notice --> Undefined index: description_footer /var/www/tomita-mart/application/views/public/default/_footer.php 33
ERROR - 2019-08-05 15:50:05 --> Severity: Notice --> Undefined index: slogan /var/www/tomita-mart/application/views/public/default/_footer.php 34
ERROR - 2019-08-05 15:50:06 --> Severity: Notice --> Undefined index: description_footer /var/www/tomita-mart/application/views/public/default/_footer.php 33
ERROR - 2019-08-05 15:50:06 --> Severity: Notice --> Undefined index: slogan /var/www/tomita-mart/application/views/public/default/_footer.php 34
ERROR - 2019-08-05 15:50:12 --> [{"icon":"","cls":"","link":"\/","type":"","id":"861","label":"Trang ch\u1ee7"},{"icon":"","cls":"","link":"#","type":"","id":"862","label":"S\u1ea3n ph\u1ea9m","children":[{"label":"Th\u1ef1c ph\u1ea9m t\u01b0\u01a1i s\u1ed1ng","link":"thuc-pham-tuoi-song-cp7","cls":"","icon":"nullaa","type":"","id":"863"},{"icon":"","cls":"","link":"hoa-qua-cp8","type":"","id":"864","label":"Hoa qu\u1ea3"},{"icon":"","cls":"","link":"do-kho-cp21","type":"","id":"865","label":"\u0110\u1ed3 kh\u00f4"},{"icon":"","cls":"","link":"gia-vi-cp10","type":"","id":"866","label":"Gia v\u1ecb"},{"icon":"","cls":"","link":"hoa-mi-pham-huu-co-cp11","type":"","id":"867","label":"H\u00f3a m\u0129 ph\u1ea9m h\u1eefu c\u01a1"},{"icon":"","cls":"","link":"banh-keo-cp12","type":"","id":"868","label":"B\u00e1nh k\u1eb9o"},{"icon":"","cls":"","link":"do-gia-dung-cp13","type":"","id":"869","label":"\u0110\u1ed3 gia d\u1ee5ng"}]},{"icon":"","cls":"","link":"khuyen-mai.html","type":"page","id":"870","label":"Khuy\u1ebfn m\u00e3i"},{"icon":"","cls":"","link":"gioi-thieu-ve-tomita-farmjsc-d8","type":"page","id":"871","label":"V\u1ec1 ch\u00fang t\u00f4i","children":[{"icon":"","cls":"","link":"gioi-thieu-ve-tomita-farmjsc-d8","type":"","id":"872","label":"Gi\u1edbi thi\u1ec7u v\u1ec1 Tomita Farm.,JSC"},{"icon":"","cls":"","link":"trang-trai-huu-co-d9","type":"","id":"873","label":"Trang tr\u1ea1i h\u1eefu c\u01a1"},{"icon":"","cls":"","link":"tam-nhin-su-menh-d10","type":"","id":"874","label":"T\u1ea7m nh\u00ecn s\u1ee9 m\u1ec7nh"},{"icon":"","cls":"","link":"chung-nhan-chat-luong-d11","type":"","id":"875","label":"Ch\u1ee9ng nh\u1eadn ch\u1ea5t l\u01b0\u1ee3ng"},{"icon":"","cls":"","link":"lien-he.html","type":"","id":"876","label":"H\u1ec7 th\u1ed1ng c\u1eeda h\u00e0ng"}]}]
ERROR - 2019-08-05 15:50:12 --> [{"icon":"","cls":"","link":"\/","type":"","id":"861","label":"Trang ch\u1ee7"},{"icon":"","cls":"","link":"#","type":"","id":"862","label":"S\u1ea3n ph\u1ea9m","children":[{"label":"Th\u1ef1c ph\u1ea9m t\u01b0\u01a1i s\u1ed1ng","link":"thuc-pham-tuoi-song-cp7","cls":"","icon":"nullaa","type":"","id":"863"},{"icon":"","cls":"","link":"hoa-qua-cp8","type":"","id":"864","label":"Hoa qu\u1ea3"},{"icon":"","cls":"","link":"do-kho-cp21","type":"","id":"865","label":"\u0110\u1ed3 kh\u00f4"},{"icon":"","cls":"","link":"gia-vi-cp10","type":"","id":"866","label":"Gia v\u1ecb"},{"icon":"","cls":"","link":"hoa-mi-pham-huu-co-cp11","type":"","id":"867","label":"H\u00f3a m\u0129 ph\u1ea9m h\u1eefu c\u01a1"},{"icon":"","cls":"","link":"banh-keo-cp12","type":"","id":"868","label":"B\u00e1nh k\u1eb9o"},{"icon":"","cls":"","link":"do-gia-dung-cp13","type":"","id":"869","label":"\u0110\u1ed3 gia d\u1ee5ng"}]},{"icon":"","cls":"","link":"khuyen-mai.html","type":"page","id":"870","label":"Khuy\u1ebfn m\u00e3i"},{"icon":"","cls":"","link":"gioi-thieu-ve-tomita-farmjsc-d8","type":"page","id":"871","label":"V\u1ec1 ch\u00fang t\u00f4i","children":[{"icon":"","cls":"","link":"gioi-thieu-ve-tomita-farmjsc-d8","type":"","id":"872","label":"Gi\u1edbi thi\u1ec7u v\u1ec1 Tomita Farm.,JSC"},{"icon":"","cls":"","link":"trang-trai-huu-co-d9","type":"","id":"873","label":"Trang tr\u1ea1i h\u1eefu c\u01a1"},{"icon":"","cls":"","link":"tam-nhin-su-menh-d10","type":"","id":"874","label":"T\u1ea7m nh\u00ecn s\u1ee9 m\u1ec7nh"},{"icon":"","cls":"","link":"chung-nhan-chat-luong-d11","type":"","id":"875","label":"Ch\u1ee9ng nh\u1eadn ch\u1ea5t l\u01b0\u1ee3ng"},{"icon":"","cls":"","link":"lien-he.html","type":"","id":"876","label":"H\u1ec7 th\u1ed1ng c\u1eeda h\u00e0ng"}]}]
ERROR - 2019-08-05 15:51:20 --> [{"icon":"","cls":"","link":"\/","type":"","id":"861","label":"Trang ch\u1ee7"},{"icon":"","cls":"","link":"#","type":"","id":"862","label":"S\u1ea3n ph\u1ea9m","children":[{"label":"Th\u1ef1c ph\u1ea9m t\u01b0\u01a1i s\u1ed1ng","link":"thuc-pham-tuoi-song-cp7","cls":"","icon":"nullaaaa","type":"","id":"863"},{"icon":"","cls":"","link":"hoa-qua-cp8","type":"","id":"864","label":"Hoa qu\u1ea3"},{"icon":"","cls":"","link":"do-kho-cp21","type":"","id":"865","label":"\u0110\u1ed3 kh\u00f4"},{"icon":"","cls":"","link":"gia-vi-cp10","type":"","id":"866","label":"Gia v\u1ecb"},{"icon":"","cls":"","link":"hoa-mi-pham-huu-co-cp11","type":"","id":"867","label":"H\u00f3a m\u0129 ph\u1ea9m h\u1eefu c\u01a1"},{"icon":"","cls":"","link":"banh-keo-cp12","type":"","id":"868","label":"B\u00e1nh k\u1eb9o"},{"icon":"","cls":"","link":"do-gia-dung-cp13","type":"","id":"869","label":"\u0110\u1ed3 gia d\u1ee5ng"}]},{"icon":"","cls":"","link":"khuyen-mai.html","type":"page","id":"870","label":"Khuy\u1ebfn m\u00e3i"},{"icon":"","cls":"","link":"gioi-thieu-ve-tomita-farmjsc-d8","type":"page","id":"871","label":"V\u1ec1 ch\u00fang t\u00f4i","children":[{"icon":"","cls":"","link":"gioi-thieu-ve-tomita-farmjsc-d8","type":"","id":"872","label":"Gi\u1edbi thi\u1ec7u v\u1ec1 Tomita Farm.,JSC"},{"icon":"","cls":"","link":"trang-trai-huu-co-d9","type":"","id":"873","label":"Trang tr\u1ea1i h\u1eefu c\u01a1"},{"icon":"","cls":"","link":"tam-nhin-su-menh-d10","type":"","id":"874","label":"T\u1ea7m nh\u00ecn s\u1ee9 m\u1ec7nh"},{"icon":"","cls":"","link":"chung-nhan-chat-luong-d11","type":"","id":"875","label":"Ch\u1ee9ng nh\u1eadn ch\u1ea5t l\u01b0\u1ee3ng"},{"icon":"","cls":"","link":"lien-he.html","type":"","id":"876","label":"H\u1ec7 th\u1ed1ng c\u1eeda h\u00e0ng"}]}]
ERROR - 2019-08-05 15:51:20 --> [{"icon":"","cls":"","link":"\/","type":"","id":"861","label":"Trang ch\u1ee7"},{"icon":"","cls":"","link":"#","type":"","id":"862","label":"S\u1ea3n ph\u1ea9m","children":[{"label":"Th\u1ef1c ph\u1ea9m t\u01b0\u01a1i s\u1ed1ng","link":"thuc-pham-tuoi-song-cp7","cls":"","icon":"nullaaaa","type":"","id":"863"},{"icon":"","cls":"","link":"hoa-qua-cp8","type":"","id":"864","label":"Hoa qu\u1ea3"},{"icon":"","cls":"","link":"do-kho-cp21","type":"","id":"865","label":"\u0110\u1ed3 kh\u00f4"},{"icon":"","cls":"","link":"gia-vi-cp10","type":"","id":"866","label":"Gia v\u1ecb"},{"icon":"","cls":"","link":"hoa-mi-pham-huu-co-cp11","type":"","id":"867","label":"H\u00f3a m\u0129 ph\u1ea9m h\u1eefu c\u01a1"},{"icon":"","cls":"","link":"banh-keo-cp12","type":"","id":"868","label":"B\u00e1nh k\u1eb9o"},{"icon":"","cls":"","link":"do-gia-dung-cp13","type":"","id":"869","label":"\u0110\u1ed3 gia d\u1ee5ng"}]},{"icon":"","cls":"","link":"khuyen-mai.html","type":"page","id":"870","label":"Khuy\u1ebfn m\u00e3i"},{"icon":"","cls":"","link":"gioi-thieu-ve-tomita-farmjsc-d8","type":"page","id":"871","label":"V\u1ec1 ch\u00fang t\u00f4i","children":[{"icon":"","cls":"","link":"gioi-thieu-ve-tomita-farmjsc-d8","type":"","id":"872","label":"Gi\u1edbi thi\u1ec7u v\u1ec1 Tomita Farm.,JSC"},{"icon":"","cls":"","link":"trang-trai-huu-co-d9","type":"","id":"873","label":"Trang tr\u1ea1i h\u1eefu c\u01a1"},{"icon":"","cls":"","link":"tam-nhin-su-menh-d10","type":"","id":"874","label":"T\u1ea7m nh\u00ecn s\u1ee9 m\u1ec7nh"},{"icon":"","cls":"","link":"chung-nhan-chat-luong-d11","type":"","id":"875","label":"Ch\u1ee9ng nh\u1eadn ch\u1ea5t l\u01b0\u1ee3ng"},{"icon":"","cls":"","link":"lien-he.html","type":"","id":"876","label":"H\u1ec7 th\u1ed1ng c\u1eeda h\u00e0ng"}]}]
ERROR - 2019-08-05 15:53:20 --> [{"icon":"","cls":"","link":"\/","type":"","id":"861","label":"Trang ch\u1ee7"},{"icon":"","cls":"","link":"#","type":"","id":"862","label":"S\u1ea3n ph\u1ea9m","children":[{"label":"Th\u1ef1c ph\u1ea9m t\u01b0\u01a1i s\u1ed1ng","link":"thuc-pham-tuoi-song-cp7","cls":"","icon":"nullaaaa","type":"","id":"863"},{"icon":"","cls":"","link":"hoa-qua-cp8","type":"","id":"864","label":"Hoa qu\u1ea3"},{"icon":"","cls":"","link":"do-kho-cp21","type":"","id":"865","label":"\u0110\u1ed3 kh\u00f4"},{"icon":"","cls":"","link":"gia-vi-cp10","type":"","id":"866","label":"Gia v\u1ecb"},{"icon":"","cls":"","link":"hoa-mi-pham-huu-co-cp11","type":"","id":"867","label":"H\u00f3a m\u0129 ph\u1ea9m h\u1eefu c\u01a1"},{"icon":"","cls":"","link":"banh-keo-cp12","type":"","id":"868","label":"B\u00e1nh k\u1eb9o"},{"icon":"","cls":"","link":"do-gia-dung-cp13","type":"","id":"869","label":"\u0110\u1ed3 gia d\u1ee5ng"}]},{"icon":"","cls":"","link":"khuyen-mai.html","type":"page","id":"870","label":"Khuy\u1ebfn m\u00e3i"},{"icon":"","cls":"","link":"gioi-thieu-ve-tomita-farmjsc-d8","type":"page","id":"871","label":"V\u1ec1 ch\u00fang t\u00f4i","children":[{"icon":"","cls":"","link":"gioi-thieu-ve-tomita-farmjsc-d8","type":"","id":"872","label":"Gi\u1edbi thi\u1ec7u v\u1ec1 Tomita Farm.,JSC"},{"icon":"","cls":"","link":"trang-trai-huu-co-d9","type":"","id":"873","label":"Trang tr\u1ea1i h\u1eefu c\u01a1"},{"icon":"","cls":"","link":"tam-nhin-su-menh-d10","type":"","id":"874","label":"T\u1ea7m nh\u00ecn s\u1ee9 m\u1ec7nh"},{"icon":"","cls":"","link":"chung-nhan-chat-luong-d11","type":"","id":"875","label":"Ch\u1ee9ng nh\u1eadn ch\u1ea5t l\u01b0\u1ee3ng"},{"icon":"","cls":"","link":"lien-he.html","type":"","id":"876","label":"H\u1ec7 th\u1ed1ng c\u1eeda h\u00e0ng"}]}]
ERROR - 2019-08-05 15:53:20 --> [{"icon":"","cls":"","link":"\/","type":"","id":"861","label":"Trang ch\u1ee7"},{"icon":"","cls":"","link":"#","type":"","id":"862","label":"S\u1ea3n ph\u1ea9m","children":[{"label":"Th\u1ef1c ph\u1ea9m t\u01b0\u01a1i s\u1ed1ng","link":"thuc-pham-tuoi-song-cp7","cls":"","icon":"nullaaaa","type":"","id":"863"},{"icon":"","cls":"","link":"hoa-qua-cp8","type":"","id":"864","label":"Hoa qu\u1ea3"},{"icon":"","cls":"","link":"do-kho-cp21","type":"","id":"865","label":"\u0110\u1ed3 kh\u00f4"},{"icon":"","cls":"","link":"gia-vi-cp10","type":"","id":"866","label":"Gia v\u1ecb"},{"icon":"","cls":"","link":"hoa-mi-pham-huu-co-cp11","type":"","id":"867","label":"H\u00f3a m\u0129 ph\u1ea9m h\u1eefu c\u01a1"},{"icon":"","cls":"","link":"banh-keo-cp12","type":"","id":"868","label":"B\u00e1nh k\u1eb9o"},{"icon":"","cls":"","link":"do-gia-dung-cp13","type":"","id":"869","label":"\u0110\u1ed3 gia d\u1ee5ng"}]},{"icon":"","cls":"","link":"khuyen-mai.html","type":"page","id":"870","label":"Khuy\u1ebfn m\u00e3i"},{"icon":"","cls":"","link":"gioi-thieu-ve-tomita-farmjsc-d8","type":"page","id":"871","label":"V\u1ec1 ch\u00fang t\u00f4i","children":[{"icon":"","cls":"","link":"gioi-thieu-ve-tomita-farmjsc-d8","type":"","id":"872","label":"Gi\u1edbi thi\u1ec7u v\u1ec1 Tomita Farm.,JSC"},{"icon":"","cls":"","link":"trang-trai-huu-co-d9","type":"","id":"873","label":"Trang tr\u1ea1i h\u1eefu c\u01a1"},{"icon":"","cls":"","link":"tam-nhin-su-menh-d10","type":"","id":"874","label":"T\u1ea7m nh\u00ecn s\u1ee9 m\u1ec7nh"},{"icon":"","cls":"","link":"chung-nhan-chat-luong-d11","type":"","id":"875","label":"Ch\u1ee9ng nh\u1eadn ch\u1ea5t l\u01b0\u1ee3ng"},{"icon":"","cls":"","link":"lien-he.html","type":"","id":"876","label":"H\u1ec7 th\u1ed1ng c\u1eeda h\u00e0ng"}]}]
ERROR - 2019-08-05 15:53:35 --> [{"icon":"","cls":"","link":"\/","type":"","id":"861","label":"Trang ch\u1ee7"},{"icon":"","cls":"","link":"#","type":"","id":"862","label":"S\u1ea3n ph\u1ea9m","children":[{"label":"Th\u1ef1c ph\u1ea9m t\u01b0\u01a1i s\u1ed1ng","link":"thuc-pham-tuoi-song-cp7","cls":"","icon":"nullaaaa","type":"","id":"863"},{"icon":"","cls":"","link":"hoa-qua-cp8","type":"","id":"864","label":"Hoa qu\u1ea3"},{"icon":"","cls":"","link":"do-kho-cp21","type":"","id":"865","label":"\u0110\u1ed3 kh\u00f4"},{"icon":"","cls":"","link":"gia-vi-cp10","type":"","id":"866","label":"Gia v\u1ecb"},{"icon":"","cls":"","link":"hoa-mi-pham-huu-co-cp11","type":"","id":"867","label":"H\u00f3a m\u0129 ph\u1ea9m h\u1eefu c\u01a1"},{"icon":"","cls":"","link":"banh-keo-cp12","type":"","id":"868","label":"B\u00e1nh k\u1eb9o"},{"icon":"","cls":"","link":"do-gia-dung-cp13","type":"","id":"869","label":"\u0110\u1ed3 gia d\u1ee5ng"}]},{"icon":"","cls":"","link":"khuyen-mai.html","type":"page","id":"870","label":"Khuy\u1ebfn m\u00e3i"},{"icon":"","cls":"","link":"gioi-thieu-ve-tomita-farmjsc-d8","type":"page","id":"871","label":"V\u1ec1 ch\u00fang t\u00f4i","children":[{"icon":"","cls":"","link":"gioi-thieu-ve-tomita-farmjsc-d8","type":"","id":"872","label":"Gi\u1edbi thi\u1ec7u v\u1ec1 Tomita Farm.,JSC"},{"icon":"","cls":"","link":"trang-trai-huu-co-d9","type":"","id":"873","label":"Trang tr\u1ea1i h\u1eefu c\u01a1"},{"icon":"","cls":"","link":"tam-nhin-su-menh-d10","type":"","id":"874","label":"T\u1ea7m nh\u00ecn s\u1ee9 m\u1ec7nh"},{"icon":"","cls":"","link":"chung-nhan-chat-luong-d11","type":"","id":"875","label":"Ch\u1ee9ng nh\u1eadn ch\u1ea5t l\u01b0\u1ee3ng"},{"icon":"","cls":"","link":"lien-he.html","type":"","id":"876","label":"H\u1ec7 th\u1ed1ng c\u1eeda h\u00e0ng"}]}]
ERROR - 2019-08-05 15:53:35 --> [{"icon":"","cls":"","link":"\/","type":"","id":"861","label":"Trang ch\u1ee7"},{"icon":"","cls":"","link":"#","type":"","id":"862","label":"S\u1ea3n ph\u1ea9m","children":[{"label":"Th\u1ef1c ph\u1ea9m t\u01b0\u01a1i s\u1ed1ng","link":"thuc-pham-tuoi-song-cp7","cls":"","icon":"nullaaaa","type":"","id":"863"},{"icon":"","cls":"","link":"hoa-qua-cp8","type":"","id":"864","label":"Hoa qu\u1ea3"},{"icon":"","cls":"","link":"do-kho-cp21","type":"","id":"865","label":"\u0110\u1ed3 kh\u00f4"},{"icon":"","cls":"","link":"gia-vi-cp10","type":"","id":"866","label":"Gia v\u1ecb"},{"icon":"","cls":"","link":"hoa-mi-pham-huu-co-cp11","type":"","id":"867","label":"H\u00f3a m\u0129 ph\u1ea9m h\u1eefu c\u01a1"},{"icon":"","cls":"","link":"banh-keo-cp12","type":"","id":"868","label":"B\u00e1nh k\u1eb9o"},{"icon":"","cls":"","link":"do-gia-dung-cp13","type":"","id":"869","label":"\u0110\u1ed3 gia d\u1ee5ng"}]},{"icon":"","cls":"","link":"khuyen-mai.html","type":"page","id":"870","label":"Khuy\u1ebfn m\u00e3i"},{"icon":"","cls":"","link":"gioi-thieu-ve-tomita-farmjsc-d8","type":"page","id":"871","label":"V\u1ec1 ch\u00fang t\u00f4i","children":[{"icon":"","cls":"","link":"gioi-thieu-ve-tomita-farmjsc-d8","type":"","id":"872","label":"Gi\u1edbi thi\u1ec7u v\u1ec1 Tomita Farm.,JSC"},{"icon":"","cls":"","link":"trang-trai-huu-co-d9","type":"","id":"873","label":"Trang tr\u1ea1i h\u1eefu c\u01a1"},{"icon":"","cls":"","link":"tam-nhin-su-menh-d10","type":"","id":"874","label":"T\u1ea7m nh\u00ecn s\u1ee9 m\u1ec7nh"},{"icon":"","cls":"","link":"chung-nhan-chat-luong-d11","type":"","id":"875","label":"Ch\u1ee9ng nh\u1eadn ch\u1ea5t l\u01b0\u1ee3ng"},{"icon":"","cls":"","link":"lien-he.html","type":"","id":"876","label":"H\u1ec7 th\u1ed1ng c\u1eeda h\u00e0ng"}]}]
ERROR - 2019-08-05 15:53:42 --> [{"icon":"","cls":"","link":"\/","type":"","id":"861","label":"Trang ch\u1ee7"},{"icon":"","cls":"","link":"#","type":"","id":"862","label":"S\u1ea3n ph\u1ea9m","children":[{"label":"Th\u1ef1c ph\u1ea9m t\u01b0\u01a1i s\u1ed1ng","link":"thuc-pham-tuoi-song-cp7","cls":"","icon":"nullaaaa","type":"","id":"863"},{"icon":"","cls":"","link":"hoa-qua-cp8","type":"","id":"864","label":"Hoa qu\u1ea3"},{"icon":"","cls":"","link":"do-kho-cp21","type":"","id":"865","label":"\u0110\u1ed3 kh\u00f4"},{"icon":"","cls":"","link":"gia-vi-cp10","type":"","id":"866","label":"Gia v\u1ecb"},{"icon":"","cls":"","link":"hoa-mi-pham-huu-co-cp11","type":"","id":"867","label":"H\u00f3a m\u0129 ph\u1ea9m h\u1eefu c\u01a1"},{"icon":"","cls":"","link":"banh-keo-cp12","type":"","id":"868","label":"B\u00e1nh k\u1eb9o"},{"icon":"","cls":"","link":"do-gia-dung-cp13","type":"","id":"869","label":"\u0110\u1ed3 gia d\u1ee5ng"}]},{"icon":"","cls":"","link":"khuyen-mai.html","type":"page","id":"870","label":"Khuy\u1ebfn m\u00e3i"},{"icon":"","cls":"","link":"gioi-thieu-ve-tomita-farmjsc-d8","type":"page","id":"871","label":"V\u1ec1 ch\u00fang t\u00f4i","children":[{"icon":"","cls":"","link":"gioi-thieu-ve-tomita-farmjsc-d8","type":"","id":"872","label":"Gi\u1edbi thi\u1ec7u v\u1ec1 Tomita Farm.,JSC"},{"icon":"","cls":"","link":"trang-trai-huu-co-d9","type":"","id":"873","label":"Trang tr\u1ea1i h\u1eefu c\u01a1"},{"icon":"","cls":"","link":"tam-nhin-su-menh-d10","type":"","id":"874","label":"T\u1ea7m nh\u00ecn s\u1ee9 m\u1ec7nh"},{"icon":"","cls":"","link":"chung-nhan-chat-luong-d11","type":"","id":"875","label":"Ch\u1ee9ng nh\u1eadn ch\u1ea5t l\u01b0\u1ee3ng"},{"icon":"","cls":"","link":"lien-he.html","type":"","id":"876","label":"H\u1ec7 th\u1ed1ng c\u1eeda h\u00e0ng"}]}]
ERROR - 2019-08-05 15:53:42 --> [{"icon":"","cls":"","link":"\/","type":"","id":"861","label":"Trang ch\u1ee7"},{"icon":"","cls":"","link":"#","type":"","id":"862","label":"S\u1ea3n ph\u1ea9m","children":[{"label":"Th\u1ef1c ph\u1ea9m t\u01b0\u01a1i s\u1ed1ng","link":"thuc-pham-tuoi-song-cp7","cls":"","icon":"nullaaaa","type":"","id":"863"},{"icon":"","cls":"","link":"hoa-qua-cp8","type":"","id":"864","label":"Hoa qu\u1ea3"},{"icon":"","cls":"","link":"do-kho-cp21","type":"","id":"865","label":"\u0110\u1ed3 kh\u00f4"},{"icon":"","cls":"","link":"gia-vi-cp10","type":"","id":"866","label":"Gia v\u1ecb"},{"icon":"","cls":"","link":"hoa-mi-pham-huu-co-cp11","type":"","id":"867","label":"H\u00f3a m\u0129 ph\u1ea9m h\u1eefu c\u01a1"},{"icon":"","cls":"","link":"banh-keo-cp12","type":"","id":"868","label":"B\u00e1nh k\u1eb9o"},{"icon":"","cls":"","link":"do-gia-dung-cp13","type":"","id":"869","label":"\u0110\u1ed3 gia d\u1ee5ng"}]},{"icon":"","cls":"","link":"khuyen-mai.html","type":"page","id":"870","label":"Khuy\u1ebfn m\u00e3i"},{"icon":"","cls":"","link":"gioi-thieu-ve-tomita-farmjsc-d8","type":"page","id":"871","label":"V\u1ec1 ch\u00fang t\u00f4i","children":[{"icon":"","cls":"","link":"gioi-thieu-ve-tomita-farmjsc-d8","type":"","id":"872","label":"Gi\u1edbi thi\u1ec7u v\u1ec1 Tomita Farm.,JSC"},{"icon":"","cls":"","link":"trang-trai-huu-co-d9","type":"","id":"873","label":"Trang tr\u1ea1i h\u1eefu c\u01a1"},{"icon":"","cls":"","link":"tam-nhin-su-menh-d10","type":"","id":"874","label":"T\u1ea7m nh\u00ecn s\u1ee9 m\u1ec7nh"},{"icon":"","cls":"","link":"chung-nhan-chat-luong-d11","type":"","id":"875","label":"Ch\u1ee9ng nh\u1eadn ch\u1ea5t l\u01b0\u1ee3ng"},{"icon":"","cls":"","link":"lien-he.html","type":"","id":"876","label":"H\u1ec7 th\u1ed1ng c\u1eeda h\u00e0ng"}]}]
ERROR - 2019-08-05 15:53:51 --> [{"icon":"","cls":"","link":"\/","type":"","id":"861","label":"Trang ch\u1ee7"},{"icon":"","cls":"","link":"#","type":"","id":"862","label":"S\u1ea3n ph\u1ea9m","children":[{"label":"Th\u1ef1c ph\u1ea9m t\u01b0\u01a1i s\u1ed1ng","link":"thuc-pham-tuoi-song-cp7","cls":"","icon":"nullaaaa","type":"","id":"863"},{"icon":"","cls":"","link":"hoa-qua-cp8","type":"","id":"864","label":"Hoa qu\u1ea3"},{"icon":"","cls":"","link":"do-kho-cp21","type":"","id":"865","label":"\u0110\u1ed3 kh\u00f4"},{"icon":"","cls":"","link":"gia-vi-cp10","type":"","id":"866","label":"Gia v\u1ecb"},{"icon":"","cls":"","link":"hoa-mi-pham-huu-co-cp11","type":"","id":"867","label":"H\u00f3a m\u0129 ph\u1ea9m h\u1eefu c\u01a1"},{"icon":"","cls":"","link":"banh-keo-cp12","type":"","id":"868","label":"B\u00e1nh k\u1eb9o"},{"icon":"","cls":"","link":"do-gia-dung-cp13","type":"","id":"869","label":"\u0110\u1ed3 gia d\u1ee5ng"}]},{"icon":"","cls":"","link":"khuyen-mai.html","type":"page","id":"870","label":"Khuy\u1ebfn m\u00e3i"},{"icon":"","cls":"","link":"gioi-thieu-ve-tomita-farmjsc-d8","type":"page","id":"871","label":"V\u1ec1 ch\u00fang t\u00f4i","children":[{"icon":"","cls":"","link":"gioi-thieu-ve-tomita-farmjsc-d8","type":"","id":"872","label":"Gi\u1edbi thi\u1ec7u v\u1ec1 Tomita Farm.,JSC"},{"icon":"","cls":"","link":"trang-trai-huu-co-d9","type":"","id":"873","label":"Trang tr\u1ea1i h\u1eefu c\u01a1"},{"icon":"","cls":"","link":"tam-nhin-su-menh-d10","type":"","id":"874","label":"T\u1ea7m nh\u00ecn s\u1ee9 m\u1ec7nh"},{"icon":"","cls":"","link":"chung-nhan-chat-luong-d11","type":"","id":"875","label":"Ch\u1ee9ng nh\u1eadn ch\u1ea5t l\u01b0\u1ee3ng"},{"icon":"","cls":"","link":"lien-he.html","type":"","id":"876","label":"H\u1ec7 th\u1ed1ng c\u1eeda h\u00e0ng"}]}]
ERROR - 2019-08-05 15:53:51 --> [{"icon":"","cls":"","link":"\/","type":"","id":"861","label":"Trang ch\u1ee7"},{"icon":"","cls":"","link":"#","type":"","id":"862","label":"S\u1ea3n ph\u1ea9m","children":[{"label":"Th\u1ef1c ph\u1ea9m t\u01b0\u01a1i s\u1ed1ng","link":"thuc-pham-tuoi-song-cp7","cls":"","icon":"nullaaaa","type":"","id":"863"},{"icon":"","cls":"","link":"hoa-qua-cp8","type":"","id":"864","label":"Hoa qu\u1ea3"},{"icon":"","cls":"","link":"do-kho-cp21","type":"","id":"865","label":"\u0110\u1ed3 kh\u00f4"},{"icon":"","cls":"","link":"gia-vi-cp10","type":"","id":"866","label":"Gia v\u1ecb"},{"icon":"","cls":"","link":"hoa-mi-pham-huu-co-cp11","type":"","id":"867","label":"H\u00f3a m\u0129 ph\u1ea9m h\u1eefu c\u01a1"},{"icon":"","cls":"","link":"banh-keo-cp12","type":"","id":"868","label":"B\u00e1nh k\u1eb9o"},{"icon":"","cls":"","link":"do-gia-dung-cp13","type":"","id":"869","label":"\u0110\u1ed3 gia d\u1ee5ng"}]},{"icon":"","cls":"","link":"khuyen-mai.html","type":"page","id":"870","label":"Khuy\u1ebfn m\u00e3i"},{"icon":"","cls":"","link":"gioi-thieu-ve-tomita-farmjsc-d8","type":"page","id":"871","label":"V\u1ec1 ch\u00fang t\u00f4i","children":[{"icon":"","cls":"","link":"gioi-thieu-ve-tomita-farmjsc-d8","type":"","id":"872","label":"Gi\u1edbi thi\u1ec7u v\u1ec1 Tomita Farm.,JSC"},{"icon":"","cls":"","link":"trang-trai-huu-co-d9","type":"","id":"873","label":"Trang tr\u1ea1i h\u1eefu c\u01a1"},{"icon":"","cls":"","link":"tam-nhin-su-menh-d10","type":"","id":"874","label":"T\u1ea7m nh\u00ecn s\u1ee9 m\u1ec7nh"},{"icon":"","cls":"","link":"chung-nhan-chat-luong-d11","type":"","id":"875","label":"Ch\u1ee9ng nh\u1eadn ch\u1ea5t l\u01b0\u1ee3ng"},{"icon":"","cls":"","link":"lien-he.html","type":"","id":"876","label":"H\u1ec7 th\u1ed1ng c\u1eeda h\u00e0ng"}]}]
ERROR - 2019-08-05 15:54:11 --> [{"icon":"","cls":"","link":"\/","type":"","id":"861","label":"Trang ch\u1ee7"},{"icon":"","cls":"","link":"#","type":"","id":"862","label":"S\u1ea3n ph\u1ea9m","children":[{"label":"Th\u1ef1c ph\u1ea9m t\u01b0\u01a1i s\u1ed1ng","link":"thuc-pham-tuoi-song-cp7","cls":"","icon":"nullaaaa","type":"","id":"863"},{"icon":"","cls":"","link":"hoa-qua-cp8","type":"","id":"864","label":"Hoa qu\u1ea3"},{"icon":"","cls":"","link":"do-kho-cp21","type":"","id":"865","label":"\u0110\u1ed3 kh\u00f4"},{"icon":"","cls":"","link":"gia-vi-cp10","type":"","id":"866","label":"Gia v\u1ecb"},{"icon":"","cls":"","link":"hoa-mi-pham-huu-co-cp11","type":"","id":"867","label":"H\u00f3a m\u0129 ph\u1ea9m h\u1eefu c\u01a1"},{"icon":"","cls":"","link":"banh-keo-cp12","type":"","id":"868","label":"B\u00e1nh k\u1eb9o"},{"icon":"","cls":"","link":"do-gia-dung-cp13","type":"","id":"869","label":"\u0110\u1ed3 gia d\u1ee5ng"}]},{"icon":"","cls":"","link":"khuyen-mai.html","type":"page","id":"870","label":"Khuy\u1ebfn m\u00e3i"},{"icon":"","cls":"","link":"gioi-thieu-ve-tomita-farmjsc-d8","type":"page","id":"871","label":"V\u1ec1 ch\u00fang t\u00f4i","children":[{"icon":"","cls":"","link":"gioi-thieu-ve-tomita-farmjsc-d8","type":"","id":"872","label":"Gi\u1edbi thi\u1ec7u v\u1ec1 Tomita Farm.,JSC"},{"icon":"","cls":"","link":"trang-trai-huu-co-d9","type":"","id":"873","label":"Trang tr\u1ea1i h\u1eefu c\u01a1"},{"icon":"","cls":"","link":"tam-nhin-su-menh-d10","type":"","id":"874","label":"T\u1ea7m nh\u00ecn s\u1ee9 m\u1ec7nh"},{"icon":"","cls":"","link":"chung-nhan-chat-luong-d11","type":"","id":"875","label":"Ch\u1ee9ng nh\u1eadn ch\u1ea5t l\u01b0\u1ee3ng"},{"icon":"","cls":"","link":"lien-he.html","type":"","id":"876","label":"H\u1ec7 th\u1ed1ng c\u1eeda h\u00e0ng"}]}]
ERROR - 2019-08-05 15:54:11 --> [{"icon":"","cls":"","link":"\/","type":"","id":"861","label":"Trang ch\u1ee7"},{"icon":"","cls":"","link":"#","type":"","id":"862","label":"S\u1ea3n ph\u1ea9m","children":[{"label":"Th\u1ef1c ph\u1ea9m t\u01b0\u01a1i s\u1ed1ng","link":"thuc-pham-tuoi-song-cp7","cls":"","icon":"nullaaaa","type":"","id":"863"},{"icon":"","cls":"","link":"hoa-qua-cp8","type":"","id":"864","label":"Hoa qu\u1ea3"},{"icon":"","cls":"","link":"do-kho-cp21","type":"","id":"865","label":"\u0110\u1ed3 kh\u00f4"},{"icon":"","cls":"","link":"gia-vi-cp10","type":"","id":"866","label":"Gia v\u1ecb"},{"icon":"","cls":"","link":"hoa-mi-pham-huu-co-cp11","type":"","id":"867","label":"H\u00f3a m\u0129 ph\u1ea9m h\u1eefu c\u01a1"},{"icon":"","cls":"","link":"banh-keo-cp12","type":"","id":"868","label":"B\u00e1nh k\u1eb9o"},{"icon":"","cls":"","link":"do-gia-dung-cp13","type":"","id":"869","label":"\u0110\u1ed3 gia d\u1ee5ng"}]},{"icon":"","cls":"","link":"khuyen-mai.html","type":"page","id":"870","label":"Khuy\u1ebfn m\u00e3i"},{"icon":"","cls":"","link":"gioi-thieu-ve-tomita-farmjsc-d8","type":"page","id":"871","label":"V\u1ec1 ch\u00fang t\u00f4i","children":[{"icon":"","cls":"","link":"gioi-thieu-ve-tomita-farmjsc-d8","type":"","id":"872","label":"Gi\u1edbi thi\u1ec7u v\u1ec1 Tomita Farm.,JSC"},{"icon":"","cls":"","link":"trang-trai-huu-co-d9","type":"","id":"873","label":"Trang tr\u1ea1i h\u1eefu c\u01a1"},{"icon":"","cls":"","link":"tam-nhin-su-menh-d10","type":"","id":"874","label":"T\u1ea7m nh\u00ecn s\u1ee9 m\u1ec7nh"},{"icon":"","cls":"","link":"chung-nhan-chat-luong-d11","type":"","id":"875","label":"Ch\u1ee9ng nh\u1eadn ch\u1ea5t l\u01b0\u1ee3ng"},{"icon":"","cls":"","link":"lien-he.html","type":"","id":"876","label":"H\u1ec7 th\u1ed1ng c\u1eeda h\u00e0ng"}]}]
ERROR - 2019-08-05 15:54:17 --> [{"icon":"","cls":"","link":"\/","type":"","id":"861","label":"Trang ch\u1ee7"},{"icon":"","cls":"","link":"#","type":"","id":"862","label":"S\u1ea3n ph\u1ea9m","children":[{"label":"Th\u1ef1c ph\u1ea9m t\u01b0\u01a1i s\u1ed1ng","link":"thuc-pham-tuoi-song-cp7","cls":"","icon":"nullaaaa","type":"","id":"863"},{"icon":"","cls":"","link":"hoa-qua-cp8","type":"","id":"864","label":"Hoa qu\u1ea3"},{"icon":"","cls":"","link":"do-kho-cp21","type":"","id":"865","label":"\u0110\u1ed3 kh\u00f4"},{"icon":"","cls":"","link":"gia-vi-cp10","type":"","id":"866","label":"Gia v\u1ecb"},{"icon":"","cls":"","link":"hoa-mi-pham-huu-co-cp11","type":"","id":"867","label":"H\u00f3a m\u0129 ph\u1ea9m h\u1eefu c\u01a1"},{"icon":"","cls":"","link":"banh-keo-cp12","type":"","id":"868","label":"B\u00e1nh k\u1eb9o"},{"icon":"","cls":"","link":"do-gia-dung-cp13","type":"","id":"869","label":"\u0110\u1ed3 gia d\u1ee5ng"}]},{"icon":"","cls":"","link":"khuyen-mai.html","type":"page","id":"870","label":"Khuy\u1ebfn m\u00e3i"},{"icon":"","cls":"","link":"gioi-thieu-ve-tomita-farmjsc-d8","type":"page","id":"871","label":"V\u1ec1 ch\u00fang t\u00f4i","children":[{"icon":"","cls":"","link":"gioi-thieu-ve-tomita-farmjsc-d8","type":"","id":"872","label":"Gi\u1edbi thi\u1ec7u v\u1ec1 Tomita Farm.,JSC"},{"icon":"","cls":"","link":"trang-trai-huu-co-d9","type":"","id":"873","label":"Trang tr\u1ea1i h\u1eefu c\u01a1"},{"icon":"","cls":"","link":"tam-nhin-su-menh-d10","type":"","id":"874","label":"T\u1ea7m nh\u00ecn s\u1ee9 m\u1ec7nh"},{"icon":"","cls":"","link":"chung-nhan-chat-luong-d11","type":"","id":"875","label":"Ch\u1ee9ng nh\u1eadn ch\u1ea5t l\u01b0\u1ee3ng"},{"icon":"","cls":"","link":"lien-he.html","type":"","id":"876","label":"H\u1ec7 th\u1ed1ng c\u1eeda h\u00e0ng"}]}]
ERROR - 2019-08-05 15:54:17 --> [{"icon":"","cls":"","link":"\/","type":"","id":"861","label":"Trang ch\u1ee7"},{"icon":"","cls":"","link":"#","type":"","id":"862","label":"S\u1ea3n ph\u1ea9m","children":[{"label":"Th\u1ef1c ph\u1ea9m t\u01b0\u01a1i s\u1ed1ng","link":"thuc-pham-tuoi-song-cp7","cls":"","icon":"nullaaaa","type":"","id":"863"},{"icon":"","cls":"","link":"hoa-qua-cp8","type":"","id":"864","label":"Hoa qu\u1ea3"},{"icon":"","cls":"","link":"do-kho-cp21","type":"","id":"865","label":"\u0110\u1ed3 kh\u00f4"},{"icon":"","cls":"","link":"gia-vi-cp10","type":"","id":"866","label":"Gia v\u1ecb"},{"icon":"","cls":"","link":"hoa-mi-pham-huu-co-cp11","type":"","id":"867","label":"H\u00f3a m\u0129 ph\u1ea9m h\u1eefu c\u01a1"},{"icon":"","cls":"","link":"banh-keo-cp12","type":"","id":"868","label":"B\u00e1nh k\u1eb9o"},{"icon":"","cls":"","link":"do-gia-dung-cp13","type":"","id":"869","label":"\u0110\u1ed3 gia d\u1ee5ng"}]},{"icon":"","cls":"","link":"khuyen-mai.html","type":"page","id":"870","label":"Khuy\u1ebfn m\u00e3i"},{"icon":"","cls":"","link":"gioi-thieu-ve-tomita-farmjsc-d8","type":"page","id":"871","label":"V\u1ec1 ch\u00fang t\u00f4i","children":[{"icon":"","cls":"","link":"gioi-thieu-ve-tomita-farmjsc-d8","type":"","id":"872","label":"Gi\u1edbi thi\u1ec7u v\u1ec1 Tomita Farm.,JSC"},{"icon":"","cls":"","link":"trang-trai-huu-co-d9","type":"","id":"873","label":"Trang tr\u1ea1i h\u1eefu c\u01a1"},{"icon":"","cls":"","link":"tam-nhin-su-menh-d10","type":"","id":"874","label":"T\u1ea7m nh\u00ecn s\u1ee9 m\u1ec7nh"},{"icon":"","cls":"","link":"chung-nhan-chat-luong-d11","type":"","id":"875","label":"Ch\u1ee9ng nh\u1eadn ch\u1ea5t l\u01b0\u1ee3ng"},{"icon":"","cls":"","link":"lien-he.html","type":"","id":"876","label":"H\u1ec7 th\u1ed1ng c\u1eeda h\u00e0ng"}]}]
ERROR - 2019-08-05 15:54:42 --> [{"icon":"","cls":"","link":"\/","type":"","id":"861","label":"Trang ch\u1ee7"},{"icon":"","cls":"","link":"#","type":"","id":"862","label":"S\u1ea3n ph\u1ea9m","children":[{"label":"Th\u1ef1c ph\u1ea9m t\u01b0\u01a1i s\u1ed1ng","link":"thuc-pham-tuoi-song-cp7","cls":"","icon":"nullaaaa","type":"","id":"863"},{"icon":"","cls":"","link":"hoa-qua-cp8","type":"","id":"864","label":"Hoa qu\u1ea3"},{"icon":"","cls":"","link":"do-kho-cp21","type":"","id":"865","label":"\u0110\u1ed3 kh\u00f4"},{"icon":"","cls":"","link":"gia-vi-cp10","type":"","id":"866","label":"Gia v\u1ecb"},{"icon":"","cls":"","link":"hoa-mi-pham-huu-co-cp11","type":"","id":"867","label":"H\u00f3a m\u0129 ph\u1ea9m h\u1eefu c\u01a1"},{"icon":"","cls":"","link":"banh-keo-cp12","type":"","id":"868","label":"B\u00e1nh k\u1eb9o"},{"icon":"","cls":"","link":"do-gia-dung-cp13","type":"","id":"869","label":"\u0110\u1ed3 gia d\u1ee5ng"}]},{"icon":"","cls":"","link":"khuyen-mai.html","type":"page","id":"870","label":"Khuy\u1ebfn m\u00e3i"},{"icon":"","cls":"","link":"gioi-thieu-ve-tomita-farmjsc-d8","type":"page","id":"871","label":"V\u1ec1 ch\u00fang t\u00f4i","children":[{"icon":"","cls":"","link":"gioi-thieu-ve-tomita-farmjsc-d8","type":"","id":"872","label":"Gi\u1edbi thi\u1ec7u v\u1ec1 Tomita Farm.,JSC"},{"icon":"","cls":"","link":"trang-trai-huu-co-d9","type":"","id":"873","label":"Trang tr\u1ea1i h\u1eefu c\u01a1"},{"icon":"","cls":"","link":"tam-nhin-su-menh-d10","type":"","id":"874","label":"T\u1ea7m nh\u00ecn s\u1ee9 m\u1ec7nh"},{"icon":"","cls":"","link":"chung-nhan-chat-luong-d11","type":"","id":"875","label":"Ch\u1ee9ng nh\u1eadn ch\u1ea5t l\u01b0\u1ee3ng"},{"icon":"","cls":"","link":"lien-he.html","type":"","id":"876","label":"H\u1ec7 th\u1ed1ng c\u1eeda h\u00e0ng"}]}]
ERROR - 2019-08-05 15:54:42 --> [{"icon":"","cls":"","link":"\/","type":"","id":"861","label":"Trang ch\u1ee7"},{"icon":"","cls":"","link":"#","type":"","id":"862","label":"S\u1ea3n ph\u1ea9m","children":[{"label":"Th\u1ef1c ph\u1ea9m t\u01b0\u01a1i s\u1ed1ng","link":"thuc-pham-tuoi-song-cp7","cls":"","icon":"nullaaaa","type":"","id":"863"},{"icon":"","cls":"","link":"hoa-qua-cp8","type":"","id":"864","label":"Hoa qu\u1ea3"},{"icon":"","cls":"","link":"do-kho-cp21","type":"","id":"865","label":"\u0110\u1ed3 kh\u00f4"},{"icon":"","cls":"","link":"gia-vi-cp10","type":"","id":"866","label":"Gia v\u1ecb"},{"icon":"","cls":"","link":"hoa-mi-pham-huu-co-cp11","type":"","id":"867","label":"H\u00f3a m\u0129 ph\u1ea9m h\u1eefu c\u01a1"},{"icon":"","cls":"","link":"banh-keo-cp12","type":"","id":"868","label":"B\u00e1nh k\u1eb9o"},{"icon":"","cls":"","link":"do-gia-dung-cp13","type":"","id":"869","label":"\u0110\u1ed3 gia d\u1ee5ng"}]},{"icon":"","cls":"","link":"khuyen-mai.html","type":"page","id":"870","label":"Khuy\u1ebfn m\u00e3i"},{"icon":"","cls":"","link":"gioi-thieu-ve-tomita-farmjsc-d8","type":"page","id":"871","label":"V\u1ec1 ch\u00fang t\u00f4i","children":[{"icon":"","cls":"","link":"gioi-thieu-ve-tomita-farmjsc-d8","type":"","id":"872","label":"Gi\u1edbi thi\u1ec7u v\u1ec1 Tomita Farm.,JSC"},{"icon":"","cls":"","link":"trang-trai-huu-co-d9","type":"","id":"873","label":"Trang tr\u1ea1i h\u1eefu c\u01a1"},{"icon":"","cls":"","link":"tam-nhin-su-menh-d10","type":"","id":"874","label":"T\u1ea7m nh\u00ecn s\u1ee9 m\u1ec7nh"},{"icon":"","cls":"","link":"chung-nhan-chat-luong-d11","type":"","id":"875","label":"Ch\u1ee9ng nh\u1eadn ch\u1ea5t l\u01b0\u1ee3ng"},{"icon":"","cls":"","link":"lien-he.html","type":"","id":"876","label":"H\u1ec7 th\u1ed1ng c\u1eeda h\u00e0ng"}]}]
ERROR - 2019-08-05 15:55:17 --> Severity: Notice --> Undefined index: description_footer /var/www/tomita-mart/application/views/public/default/_footer.php 33
ERROR - 2019-08-05 15:55:17 --> Severity: Notice --> Undefined index: slogan /var/www/tomita-mart/application/views/public/default/_footer.php 34
ERROR - 2019-08-05 15:55:18 --> Severity: Notice --> Undefined index: description_footer /var/www/tomita-mart/application/views/public/default/_footer.php 33
ERROR - 2019-08-05 15:55:18 --> Severity: Notice --> Undefined index: slogan /var/www/tomita-mart/application/views/public/default/_footer.php 34
ERROR - 2019-08-05 15:55:50 --> Severity: Notice --> Undefined index: description_footer /var/www/tomita-mart/application/views/public/default/_footer.php 33
ERROR - 2019-08-05 15:55:50 --> Severity: Notice --> Undefined index: slogan /var/www/tomita-mart/application/views/public/default/_footer.php 34
ERROR - 2019-08-05 15:55:51 --> Severity: Notice --> Undefined index: description_footer /var/www/tomita-mart/application/views/public/default/_footer.php 33
ERROR - 2019-08-05 15:55:51 --> Severity: Notice --> Undefined index: slogan /var/www/tomita-mart/application/views/public/default/_footer.php 34
ERROR - 2019-08-05 15:56:17 --> [{"icon":"","cls":"","link":"\/","type":"","id":"929","label":"Trang ch\u1ee7"},{"label":"S\u1ea3n ph\u1ea9m","link":"#","cls":"","icon":"fa fa-angle-right","type":"","id":"930"}]
ERROR - 2019-08-05 15:56:17 --> [{"icon":"","cls":"","link":"\/","type":"","id":"929","label":"Trang ch\u1ee7"},{"label":"S\u1ea3n ph\u1ea9m","link":"#","cls":"","icon":"fa fa-angle-right","type":"","id":"930"}]
ERROR - 2019-08-05 15:56:20 --> Severity: Notice --> Undefined index: description_footer /var/www/tomita-mart/application/views/public/default/_footer.php 33
ERROR - 2019-08-05 15:56:20 --> Severity: Notice --> Undefined index: slogan /var/www/tomita-mart/application/views/public/default/_footer.php 34
ERROR - 2019-08-05 15:56:20 --> Severity: Notice --> Undefined index: description_footer /var/www/tomita-mart/application/views/public/default/_footer.php 33
ERROR - 2019-08-05 15:56:20 --> Severity: Notice --> Undefined index: slogan /var/www/tomita-mart/application/views/public/default/_footer.php 34
ERROR - 2019-08-05 15:56:43 --> Could not find the language line "news"
ERROR - 2019-08-05 15:56:43 --> Could not find the language line "video"
ERROR - 2019-08-05 15:56:43 --> Severity: Notice --> Undefined index: description_footer /var/www/tomita-mart/application/views/public/default/_footer.php 33
ERROR - 2019-08-05 15:56:43 --> Severity: Notice --> Undefined index: slogan /var/www/tomita-mart/application/views/public/default/_footer.php 34
ERROR - 2019-08-05 15:56:47 --> Could not find the language line "news"
ERROR - 2019-08-05 15:56:47 --> Could not find the language line "video"
ERROR - 2019-08-05 15:56:47 --> Severity: Notice --> Undefined index: description_footer /var/www/tomita-mart/application/views/public/default/_footer.php 33
ERROR - 2019-08-05 15:56:47 --> Severity: Notice --> Undefined index: slogan /var/www/tomita-mart/application/views/public/default/_footer.php 34
ERROR - 2019-08-05 15:56:52 --> [{"icon":"","cls":"","link":"\/","type":"","id":"931","label":"Trang ch\u1ee7"},{"label":"S\u1ea3n ph\u1ea9m","link":"#","cls":"","icon":"fa fa-angle-right","type":"","id":"932"}]
ERROR - 2019-08-05 15:56:52 --> [{"icon":"","cls":"","link":"\/","type":"","id":"931","label":"Trang ch\u1ee7"},{"label":"S\u1ea3n ph\u1ea9m","link":"#","cls":"","icon":"fa fa-angle-right","type":"","id":"932"}]
ERROR - 2019-08-05 15:56:55 --> Could not find the language line "news"
ERROR - 2019-08-05 15:56:55 --> Could not find the language line "video"
ERROR - 2019-08-05 15:56:55 --> Severity: Notice --> Undefined index: description_footer /var/www/tomita-mart/application/views/public/default/_footer.php 33
ERROR - 2019-08-05 15:56:55 --> Severity: Notice --> Undefined index: slogan /var/www/tomita-mart/application/views/public/default/_footer.php 34
ERROR - 2019-08-05 15:57:06 --> [{"icon":"","cls":"","link":"\/","type":"","id":"931","label":"Trang ch\u1ee7"},{"label":"S\u1ea3n ph\u1ea9m","link":"#","cls":"","icon":"fa fa-angle-right","type":"","id":"932","children":[{"cls":"","label":"Link kh\u00e1c","link":"#","type":"other","id":"0"}]}]
ERROR - 2019-08-05 15:57:06 --> [{"icon":"","cls":"","link":"\/","type":"","id":"931","label":"Trang ch\u1ee7"},{"label":"S\u1ea3n ph\u1ea9m","link":"#","cls":"","icon":"fa fa-angle-right","type":"","id":"932","children":[{"cls":"","label":"Link kh\u00e1c","link":"#","type":"other","id":"0"}]}]
ERROR - 2019-08-05 15:57:08 --> Could not find the language line "news"
ERROR - 2019-08-05 15:57:08 --> Could not find the language line "video"
ERROR - 2019-08-05 15:57:08 --> Severity: Notice --> Undefined index: description_footer /var/www/tomita-mart/application/views/public/default/_footer.php 33
ERROR - 2019-08-05 15:57:08 --> Severity: Notice --> Undefined index: slogan /var/www/tomita-mart/application/views/public/default/_footer.php 34
ERROR - 2019-08-05 15:58:06 --> Could not find the language line "news"
ERROR - 2019-08-05 15:58:06 --> Could not find the language line "video"
ERROR - 2019-08-05 15:58:07 --> Severity: Notice --> Undefined index: description_footer /var/www/tomita-mart/application/views/public/default/_footer.php 33
ERROR - 2019-08-05 15:58:07 --> Severity: Notice --> Undefined index: slogan /var/www/tomita-mart/application/views/public/default/_footer.php 34
ERROR - 2019-08-05 16:00:40 --> Could not find the language line "news"
ERROR - 2019-08-05 16:00:40 --> Could not find the language line "video"
ERROR - 2019-08-05 16:00:40 --> Severity: Notice --> Undefined index: description_footer /var/www/tomita-mart/application/views/public/default/_footer.php 33
ERROR - 2019-08-05 16:00:40 --> Severity: Notice --> Undefined index: slogan /var/www/tomita-mart/application/views/public/default/_footer.php 34
ERROR - 2019-08-05 16:00:46 --> [{"icon":"","cls":"","link":"\/","type":"","id":"931","label":"Trang ch\u1ee7"},{"label":"S\u1ea3n ph\u1ea9m","link":"#","cls":"","icon":"","type":"","id":"932","children":[{"cls":"","label":"Link kh\u00e1c","link":"#","type":"other","id":"0"}]}]
ERROR - 2019-08-05 16:00:46 --> [{"icon":"","cls":"","link":"\/","type":"","id":"931","label":"Trang ch\u1ee7"},{"label":"S\u1ea3n ph\u1ea9m","link":"#","cls":"","icon":"","type":"","id":"932","children":[{"cls":"","label":"Link kh\u00e1c","link":"#","type":"other","id":"0"}]}]
ERROR - 2019-08-05 16:00:46 --> [{"icon":"","cls":"","link":"\/","type":"","id":"931","label":"Trang ch\u1ee7"},{"label":"S\u1ea3n ph\u1ea9m","link":"#","cls":"","icon":"","type":"","id":"932","children":[{"cls":"","label":"Link kh\u00e1c","link":"#","type":"other","id":"0"}]}]
ERROR - 2019-08-05 16:00:46 --> [{"icon":"","cls":"","link":"\/","type":"","id":"931","label":"Trang ch\u1ee7"},{"label":"S\u1ea3n ph\u1ea9m","link":"#","cls":"","icon":"","type":"","id":"932","children":[{"cls":"","label":"Link kh\u00e1c","link":"#","type":"other","id":"0"}]}]
ERROR - 2019-08-05 16:00:49 --> Could not find the language line "news"
ERROR - 2019-08-05 16:00:49 --> Could not find the language line "video"
ERROR - 2019-08-05 16:00:49 --> Severity: Notice --> Undefined index: description_footer /var/www/tomita-mart/application/views/public/default/_footer.php 33
ERROR - 2019-08-05 16:00:49 --> Severity: Notice --> Undefined index: slogan /var/www/tomita-mart/application/views/public/default/_footer.php 34
ERROR - 2019-08-05 16:04:46 --> [{"icon":"","cls":"","link":"\/","type":"","id":"931","label":"Trang ch\u1ee7"},{"label":"S\u1ea3n ph\u1ea9m","link":"#","cls":"","icon":"aaaaaa","type":"","id":"932","children":[{"cls":"","label":"Link kh\u00e1c","link":"#","type":"other","id":"0"}]}]
ERROR - 2019-08-05 16:04:47 --> [{"icon":"","cls":"","link":"\/","type":"","id":"931","label":"Trang ch\u1ee7"},{"label":"S\u1ea3n ph\u1ea9m","link":"#","cls":"","icon":"aaaaaa","type":"","id":"932","children":[{"cls":"","label":"Link kh\u00e1c","link":"#","type":"other","id":"0"}]}]
ERROR - 2019-08-05 16:04:47 --> [{"icon":"","cls":"","link":"\/","type":"","id":"931","label":"Trang ch\u1ee7"},{"label":"S\u1ea3n ph\u1ea9m","link":"#","cls":"","icon":"aaaaaa","type":"","id":"932","children":[{"cls":"","label":"Link kh\u00e1c","link":"#","type":"other","id":"0","icon":"aaaaaaaaaaaa"}]}]
ERROR - 2019-08-05 16:04:47 --> [{"icon":"","cls":"","link":"\/","type":"","id":"931","label":"Trang ch\u1ee7"},{"label":"S\u1ea3n ph\u1ea9m","link":"#","cls":"","icon":"aaaaaa","type":"","id":"932","children":[{"cls":"","label":"Link kh\u00e1c","link":"#","type":"other","id":"0","icon":"aaaaaaaaaaaa"}]}]
ERROR - 2019-08-05 16:04:50 --> Severity: Notice --> Undefined index: description_footer /var/www/tomita-mart/application/views/public/default/_footer.php 33
ERROR - 2019-08-05 16:04:50 --> Severity: Notice --> Undefined index: slogan /var/www/tomita-mart/application/views/public/default/_footer.php 34
ERROR - 2019-08-05 16:04:51 --> Severity: Notice --> Undefined index: description_footer /var/www/tomita-mart/application/views/public/default/_footer.php 33
ERROR - 2019-08-05 16:04:51 --> Severity: Notice --> Undefined index: slogan /var/www/tomita-mart/application/views/public/default/_footer.php 34
ERROR - 2019-08-05 16:07:35 --> [{"icon":"","cls":"","link":"\/","type":"","id":"947","label":"Trang ch\u1ee7"},{"icon":"aaaaaa","cls":"","link":"#","type":"","id":"948","label":"S\u1ea3n ph\u1ea9m","children":[{"label":"Link kh\u00e1c","link":"#","cls":"","icon":"fa fa-angle-right","type":"","id":"949"}]}]
ERROR - 2019-08-05 16:07:35 --> [{"icon":"","cls":"","link":"\/","type":"","id":"947","label":"Trang ch\u1ee7"},{"icon":"aaaaaa","cls":"","link":"#","type":"","id":"948","label":"S\u1ea3n ph\u1ea9m","children":[{"label":"Link kh\u00e1c","link":"#","cls":"","icon":"fa fa-angle-right","type":"","id":"949"}]}]
ERROR - 2019-08-05 16:07:38 --> Could not find the language line "news"
ERROR - 2019-08-05 16:07:38 --> Could not find the language line "video"
ERROR - 2019-08-05 16:07:38 --> Severity: Notice --> Undefined index: description_footer /var/www/tomita-mart/application/views/public/default/_footer.php 33
ERROR - 2019-08-05 16:07:38 --> Severity: Notice --> Undefined index: slogan /var/www/tomita-mart/application/views/public/default/_footer.php 34
ERROR - 2019-08-05 16:07:49 --> [{"icon":"","cls":"","link":"\/","type":"","id":"947","label":"Trang ch\u1ee7"},{"icon":"fa fa-angle-right","cls":"","link":"#","type":"","id":"948","label":"S\u1ea3n ph\u1ea9m","children":[{"label":"Link kh\u00e1c","link":"#","cls":"","icon":"fa fa-angle-right","type":"","id":"949"}]}]
ERROR - 2019-08-05 16:07:49 --> [{"icon":"","cls":"","link":"\/","type":"","id":"947","label":"Trang ch\u1ee7"},{"icon":"fa fa-angle-right","cls":"","link":"#","type":"","id":"948","label":"S\u1ea3n ph\u1ea9m","children":[{"label":"Link kh\u00e1c","link":"#","cls":"","icon":"fa fa-angle-right","type":"","id":"949"}]}]
ERROR - 2019-08-05 16:07:52 --> Could not find the language line "news"
ERROR - 2019-08-05 16:07:52 --> Could not find the language line "video"
ERROR - 2019-08-05 16:07:52 --> Severity: Notice --> Undefined index: description_footer /var/www/tomita-mart/application/views/public/default/_footer.php 33
ERROR - 2019-08-05 16:07:52 --> Severity: Notice --> Undefined index: slogan /var/www/tomita-mart/application/views/public/default/_footer.php 34
ERROR - 2019-08-05 16:11:12 --> Could not find the language line "news"
ERROR - 2019-08-05 16:11:12 --> Could not find the language line "video"
ERROR - 2019-08-05 16:11:17 --> Could not find the language line "news"
ERROR - 2019-08-05 16:11:17 --> Could not find the language line "video"
ERROR - 2019-08-05 16:12:03 --> Could not find the language line "news"
ERROR - 2019-08-05 16:12:03 --> Could not find the language line "video"
ERROR - 2019-08-05 16:12:25 --> Could not find the language line "news"
ERROR - 2019-08-05 16:12:25 --> Could not find the language line "video"
ERROR - 2019-08-05 16:12:58 --> Could not find the language line "news"
ERROR - 2019-08-05 16:12:58 --> Could not find the language line "video"
ERROR - 2019-08-05 16:12:58 --> Severity: Notice --> Undefined index: description_footer /var/www/tomita-mart/application/views/public/default/_footer.php 33
ERROR - 2019-08-05 16:12:58 --> Severity: Notice --> Undefined index: slogan /var/www/tomita-mart/application/views/public/default/_footer.php 34
