ERROR - 2019-08-01 09:57:05 --> Query error: Expression #14 of SELECT list is not in GROUP BY clause and contains nonaggregated column 'tomita_mart.ap_banner_translations.slug' which is not functionally dependent on columns in GROUP BY clause; this is incompatible with sql_mode=only_full_group_by - Invalid query: SELECT *
FROM `ap_banner`
JOIN `ap_banner_translations` ON `ap_banner`.`id` = `ap_banner_translations`.`id`
WHERE `ap_banner_translations`.`language_code` = 'vi'
AND `ap_banner`.`is_status` = 1
AND `ap_banner`.`property_id` = 12
GROUP BY `ap_banner`.`id`
ORDER BY `created_time` DESC
 LIMIT 10
ERROR - 2019-08-01 13:31:16 --> Query error: Expression #14 of SELECT list is not in GROUP BY clause and contains nonaggregated column 'tomita_mart.ap_banner_translations.slug' which is not functionally dependent on columns in GROUP BY clause; this is incompatible with sql_mode=only_full_group_by - Invalid query: SELECT *
FROM `ap_banner`
JOIN `ap_banner_translations` ON `ap_banner`.`id` = `ap_banner_translations`.`id`
WHERE `ap_banner_translations`.`language_code` = 'vi'
AND `ap_banner`.`is_status` = 1
AND `ap_banner`.`property_id` = 12
GROUP BY `ap_banner`.`id`
ORDER BY `created_time` DESC
 LIMIT 10
ERROR - 2019-08-01 15:27:18 --> Query error: Expression #14 of SELECT list is not in GROUP BY clause and contains nonaggregated column 'tomita_mart.ap_banner_translations.slug' which is not functionally dependent on columns in GROUP BY clause; this is incompatible with sql_mode=only_full_group_by - Invalid query: SELECT *
FROM `ap_banner`
JOIN `ap_banner_translations` ON `ap_banner`.`id` = `ap_banner_translations`.`id`
WHERE `ap_banner_translations`.`language_code` = 'vi'
AND `ap_banner`.`is_status` = 1
AND `ap_banner`.`property_id` = 12
GROUP BY `ap_banner`.`id`
ORDER BY `created_time` DESC
 LIMIT 10
ERROR - 2019-08-01 15:27:19 --> Severity: Notice --> Undefined index: description_footer /var/www/tomita-mart/application/views/public/default/_footer.php 33
ERROR - 2019-08-01 15:27:19 --> Severity: Notice --> Undefined index: slogan /var/www/tomita-mart/application/views/public/default/_footer.php 34
ERROR - 2019-08-01 15:31:23 --> Query error: Expression #14 of SELECT list is not in GROUP BY clause and contains nonaggregated column 'tomita_mart.ap_banner_translations.slug' which is not functionally dependent on columns in GROUP BY clause; this is incompatible with sql_mode=only_full_group_by - Invalid query: SELECT *
FROM `ap_banner`
JOIN `ap_banner_translations` ON `ap_banner`.`id` = `ap_banner_translations`.`id`
WHERE `ap_banner_translations`.`language_code` = 'vi'
AND `ap_banner`.`is_status` = 1
AND `ap_banner`.`property_id` = 12
GROUP BY `ap_banner`.`id`
ORDER BY `created_time` DESC
 LIMIT 10
ERROR - 2019-08-01 15:31:24 --> Severity: Notice --> Undefined index: description_footer /var/www/tomita-mart/application/views/public/default/_footer.php 33
ERROR - 2019-08-01 15:31:24 --> Severity: Notice --> Undefined index: slogan /var/www/tomita-mart/application/views/public/default/_footer.php 34
ERROR - 2019-08-01 15:31:24 --> Query error: Expression #14 of SELECT list is not in GROUP BY clause and contains nonaggregated column 'tomita_mart.ap_banner_translations.slug' which is not functionally dependent on columns in GROUP BY clause; this is incompatible with sql_mode=only_full_group_by - Invalid query: SELECT *
FROM `ap_banner`
JOIN `ap_banner_translations` ON `ap_banner`.`id` = `ap_banner_translations`.`id`
WHERE `ap_banner_translations`.`language_code` = 'vi'
AND `ap_banner`.`is_status` = 1
AND `ap_banner`.`property_id` = 12
GROUP BY `ap_banner`.`id`
ORDER BY `created_time` DESC
 LIMIT 10
ERROR - 2019-08-01 15:31:25 --> Severity: Notice --> Undefined index: description_footer /var/www/tomita-mart/application/views/public/default/_footer.php 33
ERROR - 2019-08-01 15:31:25 --> Severity: Notice --> Undefined index: slogan /var/www/tomita-mart/application/views/public/default/_footer.php 34
ERROR - 2019-08-01 15:31:26 --> Query error: Expression #14 of SELECT list is not in GROUP BY clause and contains nonaggregated column 'tomita_mart.ap_banner_translations.slug' which is not functionally dependent on columns in GROUP BY clause; this is incompatible with sql_mode=only_full_group_by - Invalid query: SELECT *
FROM `ap_banner`
JOIN `ap_banner_translations` ON `ap_banner`.`id` = `ap_banner_translations`.`id`
WHERE `ap_banner_translations`.`language_code` = 'vi'
AND `ap_banner`.`is_status` = 1
AND `ap_banner`.`property_id` = 12
GROUP BY `ap_banner`.`id`
ORDER BY `created_time` DESC
 LIMIT 10
ERROR - 2019-08-01 15:31:26 --> Severity: Notice --> Undefined index: description_footer /var/www/tomita-mart/application/views/public/default/_footer.php 33
ERROR - 2019-08-01 15:31:26 --> Severity: Notice --> Undefined index: slogan /var/www/tomita-mart/application/views/public/default/_footer.php 34
ERROR - 2019-08-01 15:31:45 --> Query error: Expression #14 of SELECT list is not in GROUP BY clause and contains nonaggregated column 'tomita_mart.ap_banner_translations.slug' which is not functionally dependent on columns in GROUP BY clause; this is incompatible with sql_mode=only_full_group_by - Invalid query: SELECT *
FROM `ap_banner`
JOIN `ap_banner_translations` ON `ap_banner`.`id` = `ap_banner_translations`.`id`
WHERE `ap_banner_translations`.`language_code` = 'vi'
AND `ap_banner`.`is_status` = 1
AND `ap_banner`.`property_id` = 12
GROUP BY `ap_banner`.`id`
ORDER BY `created_time` DESC
 LIMIT 10
ERROR - 2019-08-01 15:31:45 --> Severity: Notice --> Undefined index: description_footer /var/www/tomita-mart/application/views/public/default/_footer.php 33
ERROR - 2019-08-01 15:31:45 --> Severity: Notice --> Undefined index: slogan /var/www/tomita-mart/application/views/public/default/_footer.php 34
ERROR - 2019-08-01 15:32:01 --> Query error: Expression #14 of SELECT list is not in GROUP BY clause and contains nonaggregated column 'tomita_mart.ap_banner_translations.slug' which is not functionally dependent on columns in GROUP BY clause; this is incompatible with sql_mode=only_full_group_by - Invalid query: SELECT *
FROM `ap_banner`
JOIN `ap_banner_translations` ON `ap_banner`.`id` = `ap_banner_translations`.`id`
WHERE `ap_banner_translations`.`language_code` = 'vi'
AND `ap_banner`.`is_status` = 1
AND `ap_banner`.`property_id` = 12
GROUP BY `ap_banner`.`id`
ORDER BY `created_time` DESC
 LIMIT 10
ERROR - 2019-08-01 15:32:01 --> Severity: Notice --> Undefined index: description_footer /var/www/tomita-mart/application/views/public/default/_footer.php 33
ERROR - 2019-08-01 15:32:01 --> Severity: Notice --> Undefined index: slogan /var/www/tomita-mart/application/views/public/default/_footer.php 34
ERROR - 2019-08-01 15:32:05 --> Query error: Expression #14 of SELECT list is not in GROUP BY clause and contains nonaggregated column 'tomita_mart.ap_banner_translations.slug' which is not functionally dependent on columns in GROUP BY clause; this is incompatible with sql_mode=only_full_group_by - Invalid query: SELECT *
FROM `ap_banner`
JOIN `ap_banner_translations` ON `ap_banner`.`id` = `ap_banner_translations`.`id`
WHERE `ap_banner_translations`.`language_code` = 'vi'
AND `ap_banner`.`is_status` = 1
AND `ap_banner`.`property_id` = 12
GROUP BY `ap_banner`.`id`
ORDER BY `created_time` DESC
 LIMIT 10
ERROR - 2019-08-01 15:32:05 --> Severity: Notice --> Undefined index: description_footer /var/www/tomita-mart/application/views/public/default/_footer.php 33
ERROR - 2019-08-01 15:32:05 --> Severity: Notice --> Undefined index: slogan /var/www/tomita-mart/application/views/public/default/_footer.php 34
ERROR - 2019-08-01 15:32:09 --> Query error: Expression #14 of SELECT list is not in GROUP BY clause and contains nonaggregated column 'tomita_mart.ap_banner_translations.slug' which is not functionally dependent on columns in GROUP BY clause; this is incompatible with sql_mode=only_full_group_by - Invalid query: SELECT *
FROM `ap_banner`
JOIN `ap_banner_translations` ON `ap_banner`.`id` = `ap_banner_translations`.`id`
WHERE `ap_banner_translations`.`language_code` = 'vi'
AND `ap_banner`.`is_status` = 1
AND `ap_banner`.`property_id` = 12
GROUP BY `ap_banner`.`id`
ORDER BY `created_time` DESC
 LIMIT 10
ERROR - 2019-08-01 15:32:09 --> Severity: Notice --> Undefined index: description_footer /var/www/tomita-mart/application/views/public/default/_footer.php 33
ERROR - 2019-08-01 15:32:09 --> Severity: Notice --> Undefined index: slogan /var/www/tomita-mart/application/views/public/default/_footer.php 34
ERROR - 2019-08-01 15:33:36 --> Query error: Expression #14 of SELECT list is not in GROUP BY clause and contains nonaggregated column 'tomita_mart.ap_banner_translations.slug' which is not functionally dependent on columns in GROUP BY clause; this is incompatible with sql_mode=only_full_group_by - Invalid query: SELECT *
FROM `ap_banner`
JOIN `ap_banner_translations` ON `ap_banner`.`id` = `ap_banner_translations`.`id`
WHERE `ap_banner_translations`.`language_code` = 'vi'
AND `ap_banner`.`is_status` = 1
AND `ap_banner`.`property_id` = 12
GROUP BY `ap_banner`.`id`
ORDER BY `created_time` DESC
 LIMIT 10
ERROR - 2019-08-01 15:33:36 --> Severity: Notice --> Undefined index: description_footer /var/www/tomita-mart/application/views/public/default/_footer.php 33
ERROR - 2019-08-01 15:33:36 --> Severity: Notice --> Undefined index: slogan /var/www/tomita-mart/application/views/public/default/_footer.php 34
ERROR - 2019-08-01 15:33:37 --> Query error: Expression #14 of SELECT list is not in GROUP BY clause and contains nonaggregated column 'tomita_mart.ap_banner_translations.slug' which is not functionally dependent on columns in GROUP BY clause; this is incompatible with sql_mode=only_full_group_by - Invalid query: SELECT *
FROM `ap_banner`
JOIN `ap_banner_translations` ON `ap_banner`.`id` = `ap_banner_translations`.`id`
WHERE `ap_banner_translations`.`language_code` = 'vi'
AND `ap_banner`.`is_status` = 1
AND `ap_banner`.`property_id` = 12
GROUP BY `ap_banner`.`id`
ORDER BY `created_time` DESC
 LIMIT 10
ERROR - 2019-08-01 15:33:38 --> Severity: Notice --> Undefined index: description_footer /var/www/tomita-mart/application/views/public/default/_footer.php 33
ERROR - 2019-08-01 15:33:38 --> Severity: Notice --> Undefined index: slogan /var/www/tomita-mart/application/views/public/default/_footer.php 34
ERROR - 2019-08-01 15:33:38 --> Query error: Expression #14 of SELECT list is not in GROUP BY clause and contains nonaggregated column 'tomita_mart.ap_banner_translations.slug' which is not functionally dependent on columns in GROUP BY clause; this is incompatible with sql_mode=only_full_group_by - Invalid query: SELECT *
FROM `ap_banner`
JOIN `ap_banner_translations` ON `ap_banner`.`id` = `ap_banner_translations`.`id`
WHERE `ap_banner_translations`.`language_code` = 'vi'
AND `ap_banner`.`is_status` = 1
AND `ap_banner`.`property_id` = 12
GROUP BY `ap_banner`.`id`
ORDER BY `created_time` DESC
 LIMIT 10
ERROR - 2019-08-01 15:33:38 --> Severity: Notice --> Undefined index: description_footer /var/www/tomita-mart/application/views/public/default/_footer.php 33
ERROR - 2019-08-01 15:33:38 --> Severity: Notice --> Undefined index: slogan /var/www/tomita-mart/application/views/public/default/_footer.php 34
ERROR - 2019-08-01 15:33:38 --> Query error: Expression #14 of SELECT list is not in GROUP BY clause and contains nonaggregated column 'tomita_mart.ap_banner_translations.slug' which is not functionally dependent on columns in GROUP BY clause; this is incompatible with sql_mode=only_full_group_by - Invalid query: SELECT *
FROM `ap_banner`
JOIN `ap_banner_translations` ON `ap_banner`.`id` = `ap_banner_translations`.`id`
WHERE `ap_banner_translations`.`language_code` = 'vi'
AND `ap_banner`.`is_status` = 1
AND `ap_banner`.`property_id` = 12
GROUP BY `ap_banner`.`id`
ORDER BY `created_time` DESC
 LIMIT 10
ERROR - 2019-08-01 15:33:39 --> Severity: Notice --> Undefined index: description_footer /var/www/tomita-mart/application/views/public/default/_footer.php 33
ERROR - 2019-08-01 15:33:39 --> Severity: Notice --> Undefined index: slogan /var/www/tomita-mart/application/views/public/default/_footer.php 34
ERROR - 2019-08-01 15:33:39 --> Query error: Expression #14 of SELECT list is not in GROUP BY clause and contains nonaggregated column 'tomita_mart.ap_banner_translations.slug' which is not functionally dependent on columns in GROUP BY clause; this is incompatible with sql_mode=only_full_group_by - Invalid query: SELECT *
FROM `ap_banner`
JOIN `ap_banner_translations` ON `ap_banner`.`id` = `ap_banner_translations`.`id`
WHERE `ap_banner_translations`.`language_code` = 'vi'
AND `ap_banner`.`is_status` = 1
AND `ap_banner`.`property_id` = 12
GROUP BY `ap_banner`.`id`
ORDER BY `created_time` DESC
 LIMIT 10
ERROR - 2019-08-01 15:33:39 --> Severity: Notice --> Undefined index: description_footer /var/www/tomita-mart/application/views/public/default/_footer.php 33
ERROR - 2019-08-01 15:33:39 --> Severity: Notice --> Undefined index: slogan /var/www/tomita-mart/application/views/public/default/_footer.php 34
ERROR - 2019-08-01 15:33:39 --> Query error: Expression #14 of SELECT list is not in GROUP BY clause and contains nonaggregated column 'tomita_mart.ap_banner_translations.slug' which is not functionally dependent on columns in GROUP BY clause; this is incompatible with sql_mode=only_full_group_by - Invalid query: SELECT *
FROM `ap_banner`
JOIN `ap_banner_translations` ON `ap_banner`.`id` = `ap_banner_translations`.`id`
WHERE `ap_banner_translations`.`language_code` = 'vi'
AND `ap_banner`.`is_status` = 1
AND `ap_banner`.`property_id` = 12
GROUP BY `ap_banner`.`id`
ORDER BY `created_time` DESC
 LIMIT 10
ERROR - 2019-08-01 15:33:40 --> Severity: Notice --> Undefined index: description_footer /var/www/tomita-mart/application/views/public/default/_footer.php 33
ERROR - 2019-08-01 15:33:40 --> Severity: Notice --> Undefined index: slogan /var/www/tomita-mart/application/views/public/default/_footer.php 34
ERROR - 2019-08-01 15:35:47 --> Could not find the language line "news"
ERROR - 2019-08-01 15:35:47 --> Could not find the language line "video"
ERROR - 2019-08-01 15:35:47 --> Severity: Notice --> Undefined index: description_footer /var/www/tomita-mart/application/views/public/default/_footer.php 33
ERROR - 2019-08-01 15:35:47 --> Severity: Notice --> Undefined index: slogan /var/www/tomita-mart/application/views/public/default/_footer.php 34
ERROR - 2019-08-01 15:38:43 --> Query error: Expression #14 of SELECT list is not in GROUP BY clause and contains nonaggregated column 'tomita_mart.ap_banner_translations.slug' which is not functionally dependent on columns in GROUP BY clause; this is incompatible with sql_mode=only_full_group_by - Invalid query: SELECT *
FROM `ap_banner`
JOIN `ap_banner_translations` ON `ap_banner`.`id` = `ap_banner_translations`.`id`
WHERE `ap_banner_translations`.`language_code` = 'vi'
AND `ap_banner`.`is_status` = 1
AND `ap_banner`.`property_id` = 12
GROUP BY `ap_banner`.`id`
ORDER BY `created_time` DESC
 LIMIT 10
ERROR - 2019-08-01 15:38:44 --> Severity: Notice --> Undefined index: description_footer /var/www/tomita-mart/application/views/public/default/_footer.php 33
ERROR - 2019-08-01 15:38:44 --> Severity: Notice --> Undefined index: slogan /var/www/tomita-mart/application/views/public/default/_footer.php 34
ERROR - 2019-08-01 15:38:47 --> Query error: Expression #14 of SELECT list is not in GROUP BY clause and contains nonaggregated column 'tomita_mart.ap_banner_translations.slug' which is not functionally dependent on columns in GROUP BY clause; this is incompatible with sql_mode=only_full_group_by - Invalid query: SELECT *
FROM `ap_banner`
JOIN `ap_banner_translations` ON `ap_banner`.`id` = `ap_banner_translations`.`id`
WHERE `ap_banner_translations`.`language_code` = 'vi'
AND `ap_banner`.`is_status` = 1
AND `ap_banner`.`property_id` = 12
GROUP BY `ap_banner`.`id`
ORDER BY `created_time` DESC
 LIMIT 10
ERROR - 2019-08-01 15:38:47 --> Severity: Notice --> Undefined index: description_footer /var/www/tomita-mart/application/views/public/default/_footer.php 33
ERROR - 2019-08-01 15:38:47 --> Severity: Notice --> Undefined index: slogan /var/www/tomita-mart/application/views/public/default/_footer.php 34
ERROR - 2019-08-01 15:38:48 --> Query error: Expression #14 of SELECT list is not in GROUP BY clause and contains nonaggregated column 'tomita_mart.ap_banner_translations.slug' which is not functionally dependent on columns in GROUP BY clause; this is incompatible with sql_mode=only_full_group_by - Invalid query: SELECT *
FROM `ap_banner`
JOIN `ap_banner_translations` ON `ap_banner`.`id` = `ap_banner_translations`.`id`
WHERE `ap_banner_translations`.`language_code` = 'vi'
AND `ap_banner`.`is_status` = 1
AND `ap_banner`.`property_id` = 12
GROUP BY `ap_banner`.`id`
ORDER BY `created_time` DESC
 LIMIT 10
ERROR - 2019-08-01 15:38:48 --> Severity: Notice --> Undefined index: description_footer /var/www/tomita-mart/application/views/public/default/_footer.php 33
ERROR - 2019-08-01 15:38:48 --> Severity: Notice --> Undefined index: slogan /var/www/tomita-mart/application/views/public/default/_footer.php 34
ERROR - 2019-08-01 15:38:48 --> Query error: Expression #14 of SELECT list is not in GROUP BY clause and contains nonaggregated column 'tomita_mart.ap_banner_translations.slug' which is not functionally dependent on columns in GROUP BY clause; this is incompatible with sql_mode=only_full_group_by - Invalid query: SELECT *
FROM `ap_banner`
JOIN `ap_banner_translations` ON `ap_banner`.`id` = `ap_banner_translations`.`id`
WHERE `ap_banner_translations`.`language_code` = 'vi'
AND `ap_banner`.`is_status` = 1
AND `ap_banner`.`property_id` = 12
GROUP BY `ap_banner`.`id`
ORDER BY `created_time` DESC
 LIMIT 10
ERROR - 2019-08-01 15:38:49 --> Severity: Notice --> Undefined index: description_footer /var/www/tomita-mart/application/views/public/default/_footer.php 33
ERROR - 2019-08-01 15:38:49 --> Severity: Notice --> Undefined index: slogan /var/www/tomita-mart/application/views/public/default/_footer.php 34
ERROR - 2019-08-01 16:28:51 --> Could not find the language line "news"
ERROR - 2019-08-01 16:28:51 --> Could not find the language line "video"
ERROR - 2019-08-01 16:28:51 --> Severity: Notice --> Undefined index: description_footer /var/www/tomita-mart/application/views/public/default/_footer.php 33
ERROR - 2019-08-01 16:28:51 --> Severity: Notice --> Undefined index: slogan /var/www/tomita-mart/application/views/public/default/_footer.php 34
ERROR - 2019-08-01 16:28:59 --> Severity: Notice --> Undefined variable: value /var/www/tomita-mart/application/views/public/default/product/view_popup_detail.php 21
ERROR - 2019-08-01 16:28:59 --> Severity: Notice --> Trying to get property of non-object /var/www/tomita-mart/application/views/public/default/product/view_popup_detail.php 21
ERROR - 2019-08-01 16:29:35 --> Severity: Notice --> Undefined index: description_footer /var/www/tomita-mart/application/views/public/default/_footer.php 33
ERROR - 2019-08-01 16:29:35 --> Severity: Notice --> Undefined index: slogan /var/www/tomita-mart/application/views/public/default/_footer.php 34
ERROR - 2019-08-01 16:29:41 --> Could not find the language line "news"
ERROR - 2019-08-01 16:29:41 --> Could not find the language line "video"
ERROR - 2019-08-01 16:29:41 --> Severity: Notice --> Undefined index: description_footer /var/www/tomita-mart/application/views/public/default/_footer.php 33
ERROR - 2019-08-01 16:29:41 --> Severity: Notice --> Undefined index: slogan /var/www/tomita-mart/application/views/public/default/_footer.php 34
ERROR - 2019-08-01 16:30:40 --> Severity: Notice --> Undefined variable: value /var/www/tomita-mart/application/views/public/default/product/view_popup_detail.php 21
ERROR - 2019-08-01 16:30:40 --> Severity: Notice --> Trying to get property of non-object /var/www/tomita-mart/application/views/public/default/product/view_popup_detail.php 21
ERROR - 2019-08-01 16:31:21 --> Severity: Notice --> Undefined variable: value /var/www/tomita-mart/application/views/public/default/product/view_popup_detail.php 21
ERROR - 2019-08-01 16:31:21 --> Severity: Notice --> Trying to get property of non-object /var/www/tomita-mart/application/views/public/default/product/view_popup_detail.php 21
ERROR - 2019-08-01 16:32:31 --> Severity: Notice --> Undefined variable: value /var/www/tomita-mart/application/views/public/default/product/view_popup_detail.php 21
ERROR - 2019-08-01 16:32:31 --> Severity: Notice --> Trying to get property of non-object /var/www/tomita-mart/application/views/public/default/product/view_popup_detail.php 21
ERROR - 2019-08-01 17:50:41 --> Could not find the language line "news"
ERROR - 2019-08-01 17:50:41 --> Could not find the language line "video"
ERROR - 2019-08-01 17:50:41 --> Severity: Notice --> Undefined index: description_footer /var/www/tomita-mart/application/views/public/default/_footer.php 33
ERROR - 2019-08-01 17:50:41 --> Severity: Notice --> Undefined index: slogan /var/www/tomita-mart/application/views/public/default/_footer.php 34
ERROR - 2019-08-01 17:51:30 --> Could not find the language line "news"
ERROR - 2019-08-01 17:51:30 --> Could not find the language line "video"
ERROR - 2019-08-01 17:51:30 --> Severity: Notice --> Undefined index: description_footer /var/www/tomita-mart/application/views/public/default/_footer.php 33
ERROR - 2019-08-01 17:51:30 --> Severity: Notice --> Undefined index: slogan /var/www/tomita-mart/application/views/public/default/_footer.php 34
