ERROR - 2019-08-28 00:56:56 --> Severity: Warning --> strip_tags() expects parameter 1 to be string, array given /var/www/silk/application/views/public/default/_layout.php 104
ERROR - 2019-08-28 00:57:27 --> Severity: Warning --> strip_tags() expects parameter 1 to be string, array given /var/www/silk/application/views/public/default/_layout.php 104
ERROR - 2019-08-28 00:58:47 --> Severity: Warning --> strip_tags() expects parameter 1 to be string, array given /var/www/silk/application/views/public/default/_layout.php 104
ERROR - 2019-08-28 00:59:04 --> Severity: Notice --> Undefined property: stdClass::$email /var/www/silk/application/controllers/admin/Newsletter.php 43
ERROR - 2019-08-28 00:59:04 --> Severity: Notice --> Undefined property: stdClass::$email /var/www/silk/application/controllers/admin/Newsletter.php 43
ERROR - 2019-08-28 00:59:04 --> Severity: Notice --> Undefined property: stdClass::$email /var/www/silk/application/controllers/admin/Newsletter.php 43
ERROR - 2019-08-28 00:59:04 --> Severity: Notice --> Undefined property: stdClass::$email /var/www/silk/application/controllers/admin/Newsletter.php 43
ERROR - 2019-08-28 00:59:12 --> Severity: Notice --> Undefined property: stdClass::$email /var/www/silk/application/controllers/admin/Newsletter.php 43
ERROR - 2019-08-28 00:59:12 --> Severity: Notice --> Undefined property: stdClass::$email /var/www/silk/application/controllers/admin/Newsletter.php 43
ERROR - 2019-08-28 00:59:12 --> Severity: Notice --> Undefined property: stdClass::$email /var/www/silk/application/controllers/admin/Newsletter.php 43
ERROR - 2019-08-28 00:59:12 --> Severity: Notice --> Undefined property: stdClass::$email /var/www/silk/application/controllers/admin/Newsletter.php 43
ERROR - 2019-08-28 19:46:56 --> Severity: error --> Exception: Form_validation: set_rules() called without a $rules parameter /var/www/silk/system/libraries/Form_validation.php 195
ERROR - 2019-08-28 19:47:19 --> Severity: error --> Exception: Form_validation: set_rules() called without a $rules parameter /var/www/silk/system/libraries/Form_validation.php 195
ERROR - 2019-08-28 19:47:27 --> Severity: error --> Exception: Form_validation: set_rules() called without a $rules parameter /var/www/silk/system/libraries/Form_validation.php 195
ERROR - 2019-08-28 19:47:28 --> Severity: error --> Exception: Form_validation: set_rules() called without a $rules parameter /var/www/silk/system/libraries/Form_validation.php 195
ERROR - 2019-08-28 19:47:28 --> Severity: error --> Exception: Form_validation: set_rules() called without a $rules parameter /var/www/silk/system/libraries/Form_validation.php 195
ERROR - 2019-08-28 19:47:37 --> Severity: error --> Exception: Form_validation: set_rules() called without a $rules parameter /var/www/silk/system/libraries/Form_validation.php 195
ERROR - 2019-08-28 19:47:37 --> Severity: error --> Exception: Form_validation: set_rules() called without a $rules parameter /var/www/silk/system/libraries/Form_validation.php 195
ERROR - 2019-08-28 19:47:38 --> Severity: error --> Exception: Form_validation: set_rules() called without a $rules parameter /var/www/silk/system/libraries/Form_validation.php 195
ERROR - 2019-08-28 19:47:38 --> Severity: error --> Exception: Form_validation: set_rules() called without a $rules parameter /var/www/silk/system/libraries/Form_validation.php 195
ERROR - 2019-08-28 19:47:55 --> Severity: error --> Exception: Form_validation: set_rules() called without a $rules parameter /var/www/silk/system/libraries/Form_validation.php 195
ERROR - 2019-08-28 19:48:08 --> Severity: error --> Exception: Form_validation: set_rules() called without a $rules parameter /var/www/silk/system/libraries/Form_validation.php 195
ERROR - 2019-08-28 19:48:36 --> Severity: error --> Exception: Form_validation: set_rules() called without a $rules parameter /var/www/silk/system/libraries/Form_validation.php 195
ERROR - 2019-08-28 19:55:14 --> Could not find the language line "text_contact_buy"
ERROR - 2019-08-28 19:56:54 --> Could not find the language line "text_contact_buy"
ERROR - 2019-08-28 19:57:08 --> Could not find the language line "text_contact_buy"
ERROR - 2019-08-28 19:57:12 --> Could not find the language line "text_contact_buy"
ERROR - 2019-08-28 19:57:50 --> Could not find the language line "text_contact_buy"
ERROR - 2019-08-28 20:05:03 --> Could not find the language line "text_contact_buy"
ERROR - 2019-08-28 20:05:17 --> Could not find the language line "text_contact_buy"
ERROR - 2019-08-28 20:05:30 --> Could not find the language line "text_contact_buy"
ERROR - 2019-08-28 20:05:47 --> Could not find the language line "text_contact_buy"
ERROR - 2019-08-28 21:02:21 --> Severity: Notice --> Undefined variable: checknews /var/www/silk/application/views/public/default/_layout.php 47
ERROR - 2019-08-28 21:02:23 --> Severity: Notice --> Undefined variable: checknews /var/www/silk/application/views/public/default/_layout.php 47
ERROR - 2019-08-28 21:02:26 --> Severity: Notice --> Undefined variable: checknews /var/www/silk/application/views/public/default/_layout.php 47
ERROR - 2019-08-28 21:02:26 --> Severity: Notice --> Undefined variable: checknews /var/www/silk/application/views/public/default/_layout.php 47
ERROR - 2019-08-28 21:02:33 --> Severity: Notice --> Undefined variable: checknews /var/www/silk/application/views/public/default/_layout.php 47
ERROR - 2019-08-28 21:02:33 --> Severity: Notice --> Undefined variable: checknews /var/www/silk/application/views/public/default/_layout.php 47
ERROR - 2019-08-28 21:02:34 --> Severity: Notice --> Undefined variable: checknews /var/www/silk/application/views/public/default/_layout.php 47
ERROR - 2019-08-28 21:02:34 --> Severity: Notice --> Undefined variable: checknews /var/www/silk/application/views/public/default/_layout.php 47
ERROR - 2019-08-28 21:02:36 --> Severity: Notice --> Undefined variable: checknews /var/www/silk/application/views/public/default/_layout.php 47
ERROR - 2019-08-28 21:02:37 --> Severity: Notice --> Undefined variable: checknews /var/www/silk/application/views/public/default/_layout.php 47
ERROR - 2019-08-28 21:02:38 --> Severity: Notice --> Undefined variable: checknews /var/www/silk/application/views/public/default/_layout.php 47
ERROR - 2019-08-28 21:02:38 --> Severity: Notice --> Undefined variable: checknews /var/www/silk/application/views/public/default/_layout.php 47
ERROR - 2019-08-28 22:30:56 --> Severity: Notice --> Undefined variable: checknews /var/www/silk/application/views/public/default/_layout.php 47
ERROR - 2019-08-28 22:31:04 --> Severity: Notice --> Undefined variable: checknews /var/www/silk/application/views/public/default/_layout.php 47
ERROR - 2019-08-28 22:31:04 --> Severity: Notice --> Undefined variable: checknews /var/www/silk/application/views/public/default/_layout.php 47
ERROR - 2019-08-28 22:31:09 --> Severity: Notice --> Undefined variable: checknews /var/www/silk/application/views/public/default/_layout.php 47
ERROR - 2019-08-28 22:31:10 --> Severity: Notice --> Undefined variable: checknews /var/www/silk/application/views/public/default/_layout.php 47
ERROR - 2019-08-28 22:31:14 --> Severity: Notice --> Undefined variable: checknews /var/www/silk/application/views/public/default/_layout.php 47
ERROR - 2019-08-28 22:31:14 --> Severity: Notice --> Undefined variable: checknews /var/www/silk/application/views/public/default/_layout.php 47
ERROR - 2019-08-28 22:31:14 --> Severity: Notice --> Undefined variable: checknews /var/www/silk/application/views/public/default/_layout.php 47
ERROR - 2019-08-28 22:31:17 --> Severity: Notice --> Undefined variable: checknews /var/www/silk/application/views/public/default/_layout.php 47
ERROR - 2019-08-28 22:31:21 --> Severity: Notice --> Undefined variable: checknews /var/www/silk/application/views/public/default/_layout.php 47
ERROR - 2019-08-28 22:31:21 --> Severity: Notice --> Undefined variable: checknews /var/www/silk/application/views/public/default/_layout.php 47
ERROR - 2019-08-28 22:31:23 --> Severity: Notice --> Undefined variable: checknews /var/www/silk/application/views/public/default/_layout.php 47
ERROR - 2019-08-28 22:31:42 --> Severity: Notice --> Undefined variable: checknews /var/www/silk/application/views/public/default/_layout.php 47
ERROR - 2019-08-28 22:31:42 --> Severity: Notice --> Undefined variable: checknews /var/www/silk/application/views/public/default/_layout.php 47
ERROR - 2019-08-28 22:31:58 --> Severity: Notice --> Undefined variable: checknews /var/www/silk/application/views/public/default/_layout.php 47
ERROR - 2019-08-28 22:31:58 --> Severity: Notice --> Undefined variable: checknews /var/www/silk/application/views/public/default/_layout.php 47
ERROR - 2019-08-28 22:32:24 --> Severity: Notice --> Undefined variable: checknews /var/www/silk/application/views/public/default/_layout.php 47
ERROR - 2019-08-28 22:32:25 --> Severity: Notice --> Undefined variable: checknews /var/www/silk/application/views/public/default/_layout.php 47
ERROR - 2019-08-28 22:32:27 --> Severity: Notice --> Undefined variable: checknews /var/www/silk/application/views/public/default/_layout.php 47
ERROR - 2019-08-28 22:32:27 --> Severity: Notice --> Undefined variable: checknews /var/www/silk/application/views/public/default/_layout.php 47
ERROR - 2019-08-28 22:33:40 --> Severity: Notice --> Undefined variable: checknews /var/www/silk/application/views/public/default/_layout.php 47
ERROR - 2019-08-28 22:33:42 --> Severity: Notice --> Undefined variable: checknews /var/www/silk/application/views/public/default/_layout.php 47
ERROR - 2019-08-28 22:33:44 --> Severity: Notice --> Undefined variable: checknews /var/www/silk/application/views/public/default/_layout.php 47
ERROR - 2019-08-28 22:33:44 --> Severity: Notice --> Undefined variable: checknews /var/www/silk/application/views/public/default/_layout.php 47
ERROR - 2019-08-28 22:33:51 --> Severity: Notice --> Undefined variable: checknews /var/www/silk/application/views/public/default/_layout.php 47
ERROR - 2019-08-28 22:33:53 --> Severity: Notice --> Undefined variable: checknews /var/www/silk/application/views/public/default/_layout.php 47
ERROR - 2019-08-28 22:33:55 --> Severity: Notice --> Undefined variable: checknews /var/www/silk/application/views/public/default/_layout.php 47
ERROR - 2019-08-28 22:33:57 --> Severity: Notice --> Undefined variable: checknews /var/www/silk/application/views/public/default/_layout.php 47
ERROR - 2019-08-28 22:33:57 --> Severity: Notice --> Undefined variable: checknews /var/www/silk/application/views/public/default/_layout.php 47
ERROR - 2019-08-28 22:37:16 --> Severity: Notice --> Undefined variable: checknews /var/www/silk/application/views/public/default/_layout.php 47
ERROR - 2019-08-28 22:37:20 --> Severity: Notice --> Undefined variable: checknews /var/www/silk/application/views/public/default/_layout.php 47
ERROR - 2019-08-28 22:37:20 --> Severity: Notice --> Undefined variable: checknews /var/www/silk/application/views/public/default/_layout.php 47
ERROR - 2019-08-28 22:37:22 --> Severity: Notice --> Undefined variable: checknews /var/www/silk/application/views/public/default/_layout.php 47
ERROR - 2019-08-28 22:37:23 --> Severity: Notice --> Undefined variable: checknews /var/www/silk/application/views/public/default/_layout.php 47
ERROR - 2019-08-28 22:37:23 --> Severity: Notice --> Undefined variable: checknews /var/www/silk/application/views/public/default/_layout.php 47
ERROR - 2019-08-28 22:37:23 --> Severity: Notice --> Undefined variable: checknews /var/www/silk/application/views/public/default/_layout.php 47
ERROR - 2019-08-28 22:37:25 --> Severity: Notice --> Undefined variable: checknews /var/www/silk/application/views/public/default/_layout.php 47
ERROR - 2019-08-28 22:37:25 --> Severity: Notice --> Undefined variable: checknews /var/www/silk/application/views/public/default/_layout.php 47
ERROR - 2019-08-28 22:37:26 --> Severity: Notice --> Undefined variable: checknews /var/www/silk/application/views/public/default/_layout.php 47
ERROR - 2019-08-28 22:37:26 --> Severity: Notice --> Undefined variable: checknews /var/www/silk/application/views/public/default/_layout.php 47
ERROR - 2019-08-28 22:37:27 --> Severity: Notice --> Undefined variable: checknews /var/www/silk/application/views/public/default/_layout.php 47
ERROR - 2019-08-28 22:37:27 --> Severity: Notice --> Undefined variable: checknews /var/www/silk/application/views/public/default/_layout.php 47
