ERROR - 2019-08-14 15:07:04 --> Severity: Notice --> Undefined index: description_footer /var/www/tomita-mart/application/views/public/default/_footer.php 33
ERROR - 2019-08-14 15:07:04 --> Severity: Notice --> Undefined index: description_footer /var/www/tomita-mart/application/views/public/default/_footer.php 33
ERROR - 2019-08-14 15:07:04 --> Severity: Notice --> Undefined index: slogan /var/www/tomita-mart/application/views/public/default/_footer.php 34
ERROR - 2019-08-14 15:07:04 --> Severity: Notice --> Undefined index: slogan /var/www/tomita-mart/application/views/public/default/_footer.php 34
ERROR - 2019-08-14 15:07:10 --> Severity: Notice --> Undefined index: description_footer /var/www/tomita-mart/application/views/public/default/_footer.php 33
ERROR - 2019-08-14 15:07:10 --> Severity: Notice --> Undefined index: slogan /var/www/tomita-mart/application/views/public/default/_footer.php 34
ERROR - 2019-08-14 15:07:28 --> Severity: Notice --> Undefined index: description_footer /var/www/tomita-mart/application/views/public/default/_footer.php 33
ERROR - 2019-08-14 15:07:28 --> Severity: Notice --> Undefined index: slogan /var/www/tomita-mart/application/views/public/default/_footer.php 34
ERROR - 2019-08-14 15:07:32 --> Severity: Notice --> Undefined index: description_footer /var/www/tomita-mart/application/views/public/default/_footer.php 33
ERROR - 2019-08-14 15:07:32 --> Severity: Notice --> Undefined index: slogan /var/www/tomita-mart/application/views/public/default/_footer.php 34
ERROR - 2019-08-14 15:07:43 --> Severity: Notice --> Undefined index: description_footer /var/www/tomita-mart/application/views/public/default/_footer.php 33
ERROR - 2019-08-14 15:07:43 --> Severity: Notice --> Undefined index: slogan /var/www/tomita-mart/application/views/public/default/_footer.php 34
ERROR - 2019-08-14 15:07:43 --> Severity: Notice --> Undefined index: description_footer /var/www/tomita-mart/application/views/public/default/_footer.php 33
ERROR - 2019-08-14 15:07:43 --> Severity: Notice --> Undefined index: slogan /var/www/tomita-mart/application/views/public/default/_footer.php 34
ERROR - 2019-08-14 15:07:53 --> Severity: Notice --> Undefined index: description_footer /var/www/tomita-mart/application/views/public/default/_footer.php 33
ERROR - 2019-08-14 15:07:53 --> Severity: Notice --> Undefined index: slogan /var/www/tomita-mart/application/views/public/default/_footer.php 34
ERROR - 2019-08-14 15:07:57 --> Severity: Notice --> Undefined index: description_footer /var/www/tomita-mart/application/views/public/default/_footer.php 33
ERROR - 2019-08-14 15:07:57 --> Severity: Notice --> Undefined index: slogan /var/www/tomita-mart/application/views/public/default/_footer.php 34
ERROR - 2019-08-14 15:07:57 --> Severity: Notice --> Undefined index: description_footer /var/www/tomita-mart/application/views/public/default/_footer.php 33
ERROR - 2019-08-14 15:07:57 --> Severity: Notice --> Undefined index: slogan /var/www/tomita-mart/application/views/public/default/_footer.php 34
ERROR - 2019-08-14 15:08:09 --> Severity: Notice --> Undefined index: description_footer /var/www/tomita-mart/application/views/public/default/_footer.php 33
ERROR - 2019-08-14 15:08:09 --> Severity: Notice --> Undefined index: slogan /var/www/tomita-mart/application/views/public/default/_footer.php 34
ERROR - 2019-08-14 15:09:48 --> Severity: Notice --> Undefined index: description_footer /var/www/tomita-mart/application/views/public/default/_footer.php 33
ERROR - 2019-08-14 15:09:48 --> Severity: Notice --> Undefined index: slogan /var/www/tomita-mart/application/views/public/default/_footer.php 34
ERROR - 2019-08-14 15:10:16 --> Severity: Notice --> Undefined index: description_footer /var/www/tomita-mart/application/views/public/default/_footer.php 33
ERROR - 2019-08-14 15:10:16 --> Severity: Notice --> Undefined index: slogan /var/www/tomita-mart/application/views/public/default/_footer.php 34
ERROR - 2019-08-14 15:10:21 --> Severity: Notice --> Undefined index: description_footer /var/www/tomita-mart/application/views/public/default/_footer.php 33
ERROR - 2019-08-14 15:10:21 --> Severity: Notice --> Undefined index: slogan /var/www/tomita-mart/application/views/public/default/_footer.php 34
ERROR - 2019-08-14 15:11:19 --> Severity: Notice --> Undefined index: description_footer /var/www/tomita-mart/application/views/public/default/_footer.php 33
ERROR - 2019-08-14 15:11:19 --> Severity: Notice --> Undefined index: slogan /var/www/tomita-mart/application/views/public/default/_footer.php 34
ERROR - 2019-08-14 15:11:38 --> Severity: Notice --> Undefined index: description_footer /var/www/tomita-mart/application/views/public/default/_footer.php 33
ERROR - 2019-08-14 15:11:38 --> Severity: Notice --> Undefined index: slogan /var/www/tomita-mart/application/views/public/default/_footer.php 34
ERROR - 2019-08-14 15:11:39 --> Severity: Notice --> Undefined index: description_footer /var/www/tomita-mart/application/views/public/default/_footer.php 33
ERROR - 2019-08-14 15:11:39 --> Severity: Notice --> Undefined index: slogan /var/www/tomita-mart/application/views/public/default/_footer.php 34
ERROR - 2019-08-14 15:11:41 --> Severity: Notice --> Undefined index: description_footer /var/www/tomita-mart/application/views/public/default/_footer.php 33
ERROR - 2019-08-14 15:11:41 --> Severity: Notice --> Undefined index: slogan /var/www/tomita-mart/application/views/public/default/_footer.php 34
ERROR - 2019-08-14 15:13:10 --> Severity: Notice --> Undefined index: description_footer /var/www/tomita-mart/application/views/public/default/_footer.php 33
ERROR - 2019-08-14 15:13:10 --> Severity: Notice --> Undefined index: slogan /var/www/tomita-mart/application/views/public/default/_footer.php 34
ERROR - 2019-08-14 15:13:23 --> Severity: Notice --> Undefined index: description_footer /var/www/tomita-mart/application/views/public/default/_footer.php 33
ERROR - 2019-08-14 15:13:23 --> Severity: Notice --> Undefined index: slogan /var/www/tomita-mart/application/views/public/default/_footer.php 34
ERROR - 2019-08-14 15:16:40 --> Severity: Notice --> Undefined index: description_footer /var/www/tomita-mart/application/views/public/default/_footer.php 33
ERROR - 2019-08-14 15:16:40 --> Severity: Notice --> Undefined index: slogan /var/www/tomita-mart/application/views/public/default/_footer.php 34
ERROR - 2019-08-14 15:16:52 --> Query error: Unknown column 'order_asc' in 'order clause' - Invalid query: SELECT *
FROM `ap_agency`
JOIN `ap_agency_translations` ON `ap_agency`.`id` = `ap_agency_translations`.`id`
WHERE `ap_agency_translations`.`language_code` = 'vi'
AND `ap_agency`.`is_status` = 1
GROUP BY `ap_agency`.`id`
ORDER BY `order_asc` ASC
 LIMIT 10
ERROR - 2019-08-14 15:16:52 --> Severity: Notice --> Undefined index: description_footer /var/www/tomita-mart/application/views/public/default/_footer.php 33
ERROR - 2019-08-14 15:16:52 --> Severity: Notice --> Undefined index: slogan /var/www/tomita-mart/application/views/public/default/_footer.php 34
ERROR - 2019-08-14 15:16:58 --> Severity: Notice --> Undefined index: description_footer /var/www/tomita-mart/application/views/public/default/_footer.php 33
ERROR - 2019-08-14 15:16:58 --> Severity: Notice --> Undefined index: slogan /var/www/tomita-mart/application/views/public/default/_footer.php 34
ERROR - 2019-08-14 15:17:28 --> Severity: Notice --> Undefined index: description_footer /var/www/tomita-mart/application/views/public/default/_footer.php 33
ERROR - 2019-08-14 15:17:28 --> Severity: Notice --> Undefined index: slogan /var/www/tomita-mart/application/views/public/default/_footer.php 34
ERROR - 2019-08-14 15:17:34 --> Severity: Notice --> Undefined index: description_footer /var/www/tomita-mart/application/views/public/default/_footer.php 33
ERROR - 2019-08-14 15:17:34 --> Severity: Notice --> Undefined index: slogan /var/www/tomita-mart/application/views/public/default/_footer.php 34
ERROR - 2019-08-14 15:17:34 --> Severity: Notice --> Undefined index: description_footer /var/www/tomita-mart/application/views/public/default/_footer.php 33
ERROR - 2019-08-14 15:17:34 --> Severity: Notice --> Undefined index: slogan /var/www/tomita-mart/application/views/public/default/_footer.php 34
ERROR - 2019-08-14 15:17:41 --> Severity: Notice --> Undefined index: description_footer /var/www/tomita-mart/application/views/public/default/_footer.php 33
ERROR - 2019-08-14 15:17:41 --> Severity: Notice --> Undefined index: slogan /var/www/tomita-mart/application/views/public/default/_footer.php 34
ERROR - 2019-08-14 15:23:05 --> Severity: Notice --> Undefined index: description_footer /var/www/tomita-mart/application/views/public/default/_footer.php 33
ERROR - 2019-08-14 15:23:05 --> Severity: Notice --> Undefined index: slogan /var/www/tomita-mart/application/views/public/default/_footer.php 34
ERROR - 2019-08-14 15:23:20 --> Severity: Notice --> Undefined index: description_footer /var/www/tomita-mart/application/views/public/default/_footer.php 33
ERROR - 2019-08-14 15:23:20 --> Severity: Notice --> Undefined index: slogan /var/www/tomita-mart/application/views/public/default/_footer.php 34
ERROR - 2019-08-14 15:24:54 --> Severity: Notice --> Undefined index: description_footer /var/www/tomita-mart/application/views/public/default/_footer.php 33
ERROR - 2019-08-14 15:24:54 --> Severity: Notice --> Undefined index: slogan /var/www/tomita-mart/application/views/public/default/_footer.php 34
ERROR - 2019-08-14 15:25:18 --> Severity: Notice --> Undefined index: description_footer /var/www/tomita-mart/application/views/public/default/_footer.php 33
ERROR - 2019-08-14 15:25:18 --> Severity: Notice --> Undefined index: slogan /var/www/tomita-mart/application/views/public/default/_footer.php 34
ERROR - 2019-08-14 15:25:44 --> Severity: Notice --> Undefined index: description_footer /var/www/tomita-mart/application/views/public/default/_footer.php 33
ERROR - 2019-08-14 15:25:44 --> Severity: Notice --> Undefined index: slogan /var/www/tomita-mart/application/views/public/default/_footer.php 34
ERROR - 2019-08-14 15:26:09 --> Severity: Notice --> Undefined index: description_footer /var/www/tomita-mart/application/views/public/default/_footer.php 33
ERROR - 2019-08-14 15:26:09 --> Severity: Notice --> Undefined index: slogan /var/www/tomita-mart/application/views/public/default/_footer.php 34
ERROR - 2019-08-14 15:26:16 --> Severity: Notice --> Undefined index: description_footer /var/www/tomita-mart/application/views/public/default/_footer.php 33
ERROR - 2019-08-14 15:26:16 --> Severity: Notice --> Undefined index: slogan /var/www/tomita-mart/application/views/public/default/_footer.php 34
ERROR - 2019-08-14 15:26:27 --> Severity: Notice --> Undefined index: description_footer /var/www/tomita-mart/application/views/public/default/_footer.php 33
ERROR - 2019-08-14 15:26:27 --> Severity: Notice --> Undefined index: slogan /var/www/tomita-mart/application/views/public/default/_footer.php 34
ERROR - 2019-08-14 15:29:46 --> Severity: Notice --> Undefined index: description_footer /var/www/tomita-mart/application/views/public/default/_footer.php 33
ERROR - 2019-08-14 15:29:46 --> Severity: Notice --> Undefined index: slogan /var/www/tomita-mart/application/views/public/default/_footer.php 34
ERROR - 2019-08-14 15:29:57 --> Severity: Notice --> Undefined index: description_footer /var/www/tomita-mart/application/views/public/default/_footer.php 33
ERROR - 2019-08-14 15:29:57 --> Severity: Notice --> Undefined index: slogan /var/www/tomita-mart/application/views/public/default/_footer.php 34
ERROR - 2019-08-14 15:40:54 --> Severity: Notice --> Undefined index: description_footer /var/www/tomita-mart/application/views/public/default/_footer.php 33
ERROR - 2019-08-14 15:40:54 --> Severity: Notice --> Undefined index: slogan /var/www/tomita-mart/application/views/public/default/_footer.php 34
ERROR - 2019-08-14 15:40:55 --> Severity: Notice --> Undefined index: description_footer /var/www/tomita-mart/application/views/public/default/_footer.php 33
ERROR - 2019-08-14 15:40:55 --> Severity: Notice --> Undefined index: slogan /var/www/tomita-mart/application/views/public/default/_footer.php 34
ERROR - 2019-08-14 16:54:33 --> Severity: Notice --> Undefined index: description_footer /var/www/tomita-mart/application/views/public/default/_footer.php 33
ERROR - 2019-08-14 16:54:33 --> Severity: Notice --> Undefined index: slogan /var/www/tomita-mart/application/views/public/default/_footer.php 34
ERROR - 2019-08-14 16:54:39 --> Severity: Notice --> Undefined index: description_footer /var/www/tomita-mart/application/views/public/default/_footer.php 33
ERROR - 2019-08-14 16:54:39 --> Severity: Notice --> Undefined index: slogan /var/www/tomita-mart/application/views/public/default/_footer.php 34
ERROR - 2019-08-14 17:46:28 --> Severity: Notice --> Undefined index: description_footer /var/www/tomita-mart/application/views/public/default/_footer.php 33
ERROR - 2019-08-14 17:46:28 --> Severity: Notice --> Undefined index: slogan /var/www/tomita-mart/application/views/public/default/_footer.php 34
